29/12/2017-22:03:23,284 | INFO [class br.com.sinergia.database.conect.Statement] : ExecuteQuery: SELECT COUNT(1) FROM TSIUSU WHERE LOGIN = ? 
29/12/2017-22:03:23,286 | INFO [class br.com.sinergia.database.conect.Statement] : 1º Parâmetro(java.lang.String): MARCELOEV 
29/12/2017-22:03:23,295 | INFO [class br.com.sinergia.database.conect.Statement] : ExecuteQuery: SELECT ATIVO, CODUSU, NOME, LOGIN, SENHA, MD5(?) AS CRYPT, GET_TSIPAR_T(?, ?) AS VERSAOATUALDB FROM TSIUSU WHERE LOGIN = ? 
29/12/2017-22:03:23,295 | INFO [class br.com.sinergia.database.conect.Statement] : 1º Parâmetro(java.lang.String): (Criptografado) 
29/12/2017-22:03:23,295 | INFO [class br.com.sinergia.database.conect.Statement] : 2º Parâmetro(java.lang.String): VERSAOATUALDB 
29/12/2017-22:03:23,295 | INFO [class br.com.sinergia.database.conect.Statement] : 3º Parâmetro(java.lang.Integer): 0 
29/12/2017-22:03:23,296 | INFO [class br.com.sinergia.database.conect.Statement] : 4º Parâmetro(java.lang.String): MARCELOEV 
29/12/2017-22:03:23,332 | WARN [class br.com.sinergia.controllers.fxml.LoginController] : Senha digitada inválida 
29/12/2017-22:06:26,265 | INFO [class br.com.sinergia.database.conect.Statement] : ExecuteQuery: SELECT COUNT(1) FROM TSIUSU WHERE LOGIN = ? 
29/12/2017-22:06:26,267 | INFO [class br.com.sinergia.database.conect.Statement] : 1º Parâmetro(java.lang.String): MARCELOEV 
29/12/2017-22:06:26,276 | INFO [class br.com.sinergia.database.conect.Statement] : ExecuteQuery: SELECT ATIVO, CODUSU, NOME, LOGIN, SENHA, MD5(?) AS CRYPT, GET_TSIPAR_T(?, ?) AS VERSAOATUALDB FROM TSIUSU WHERE LOGIN = ? 
29/12/2017-22:06:26,276 | INFO [class br.com.sinergia.database.conect.Statement] : 1º Parâmetro(java.lang.String): (Criptografado) 
29/12/2017-22:06:26,276 | INFO [class br.com.sinergia.database.conect.Statement] : 2º Parâmetro(java.lang.String): VERSAOATUALDB 
29/12/2017-22:06:26,276 | INFO [class br.com.sinergia.database.conect.Statement] : 3º Parâmetro(java.lang.Integer): 0 
29/12/2017-22:06:26,276 | INFO [class br.com.sinergia.database.conect.Statement] : 4º Parâmetro(java.lang.String): MARCELOEV 
29/12/2017-22:06:26,316 | WARN [class br.com.sinergia.controllers.fxml.LoginController] : Senha digitada inválida 
29/12/2017-22:08:20,928 | INFO [class br.com.sinergia.database.conect.Statement] : ExecuteQuery: SELECT COUNT(1) FROM TSIUSU WHERE LOGIN = ? 
29/12/2017-22:08:20,931 | INFO [class br.com.sinergia.database.conect.Statement] : 1º Parâmetro(java.lang.String): MARCELOEV 
29/12/2017-22:08:20,939 | INFO [class br.com.sinergia.database.conect.Statement] : ExecuteQuery: SELECT ATIVO, CODUSU, NOME, LOGIN, SENHA, MD5(?) AS CRYPT, GET_TSIPAR_T(?, ?) AS VERSAOATUALDB FROM TSIUSU WHERE LOGIN = ? 
29/12/2017-22:08:20,939 | INFO [class br.com.sinergia.database.conect.Statement] : 1º Parâmetro(java.lang.String): (Criptografado) 
29/12/2017-22:08:20,939 | INFO [class br.com.sinergia.database.conect.Statement] : 2º Parâmetro(java.lang.String): VERSAOATUALDB 
29/12/2017-22:08:20,939 | INFO [class br.com.sinergia.database.conect.Statement] : 3º Parâmetro(java.lang.Integer): 0 
29/12/2017-22:08:20,940 | INFO [class br.com.sinergia.database.conect.Statement] : 4º Parâmetro(java.lang.String): MARCELOEV 
29/12/2017-22:08:20,979 | WARN [class br.com.sinergia.controllers.fxml.LoginController] : Senha digitada inválida 
29/12/2017-22:08:53,143 | INFO [class br.com.sinergia.database.conect.Statement] : ExecuteQuery: SELECT COUNT(1) FROM TSIUSU WHERE LOGIN = ? 
29/12/2017-22:08:53,145 | INFO [class br.com.sinergia.database.conect.Statement] : 1º Parâmetro(java.lang.String): MARCELOEV 
29/12/2017-22:08:53,155 | INFO [class br.com.sinergia.database.conect.Statement] : ExecuteQuery: SELECT ATIVO, CODUSU, NOME, LOGIN, SENHA, MD5(?) AS CRYPT, GET_TSIPAR_T(?, ?) AS VERSAOATUALDB FROM TSIUSU WHERE LOGIN = ? 
29/12/2017-22:08:53,155 | INFO [class br.com.sinergia.database.conect.Statement] : 1º Parâmetro(java.lang.String): (Criptografado) 
29/12/2017-22:08:53,155 | INFO [class br.com.sinergia.database.conect.Statement] : 2º Parâmetro(java.lang.String): VERSAOATUALDB 
29/12/2017-22:08:53,155 | INFO [class br.com.sinergia.database.conect.Statement] : 3º Parâmetro(java.lang.Integer): 0 
29/12/2017-22:08:53,156 | INFO [class br.com.sinergia.database.conect.Statement] : 4º Parâmetro(java.lang.String): MARCELOEV 
29/12/2017-22:08:53,191 | WARN [class br.com.sinergia.controllers.fxml.LoginController] : Senha digitada inválida 
29/12/2017-22:09:14,025 | INFO [class br.com.sinergia.database.conect.Statement] : ExecuteQuery: SELECT COUNT(1) FROM TSIUSU WHERE LOGIN = ? 
29/12/2017-22:09:14,028 | INFO [class br.com.sinergia.database.conect.Statement] : 1º Parâmetro(java.lang.String): MARCELOEV 
29/12/2017-22:09:14,036 | INFO [class br.com.sinergia.database.conect.Statement] : ExecuteQuery: SELECT ATIVO, CODUSU, NOME, LOGIN, SENHA, MD5(?) AS CRYPT, GET_TSIPAR_T(?, ?) AS VERSAOATUALDB FROM TSIUSU WHERE LOGIN = ? 
29/12/2017-22:09:14,036 | INFO [class br.com.sinergia.database.conect.Statement] : 1º Parâmetro(java.lang.String): (Criptografado) 
29/12/2017-22:09:14,036 | INFO [class br.com.sinergia.database.conect.Statement] : 2º Parâmetro(java.lang.String): VERSAOATUALDB 
29/12/2017-22:09:14,036 | INFO [class br.com.sinergia.database.conect.Statement] : 3º Parâmetro(java.lang.Integer): 0 
29/12/2017-22:09:14,037 | INFO [class br.com.sinergia.database.conect.Statement] : 4º Parâmetro(java.lang.String): MARCELOEV 
29/12/2017-22:09:14,073 | WARN [class br.com.sinergia.controllers.fxml.LoginController] : Senha digitada inválida 
29/12/2017-22:09:38,907 | INFO [class br.com.sinergia.database.conect.Statement] : ExecuteQuery: SELECT COUNT(1) FROM TSIUSU WHERE LOGIN = ? 
29/12/2017-22:09:38,909 | INFO [class br.com.sinergia.database.conect.Statement] : 1º Parâmetro(java.lang.String): MARCELOEV 
29/12/2017-22:09:38,918 | INFO [class br.com.sinergia.database.conect.Statement] : ExecuteQuery: SELECT ATIVO, CODUSU, NOME, LOGIN, SENHA, MD5(?) AS CRYPT, GET_TSIPAR_T(?, ?) AS VERSAOATUALDB FROM TSIUSU WHERE LOGIN = ? 
29/12/2017-22:09:38,918 | INFO [class br.com.sinergia.database.conect.Statement] : 1º Parâmetro(java.lang.String): (Criptografado) 
29/12/2017-22:09:38,918 | INFO [class br.com.sinergia.database.conect.Statement] : 2º Parâmetro(java.lang.String): VERSAOATUALDB 
29/12/2017-22:09:38,918 | INFO [class br.com.sinergia.database.conect.Statement] : 3º Parâmetro(java.lang.Integer): 0 
29/12/2017-22:09:38,919 | INFO [class br.com.sinergia.database.conect.Statement] : 4º Parâmetro(java.lang.String): MARCELOEV 
29/12/2017-22:16:28,927 | INFO [class br.com.sinergia.database.conect.Statement] : ExecuteQuery: SELECT COUNT(1) FROM TSIUSU WHERE LOGIN = ? 
29/12/2017-22:16:28,929 | INFO [class br.com.sinergia.database.conect.Statement] : 1º Parâmetro(java.lang.String): SUP 
29/12/2017-22:16:28,965 | WARN [class br.com.sinergia.controllers.fxml.LoginController] : Usuário não encontrado para login digitado 
29/12/2017-22:16:30,355 | INFO [class br.com.sinergia.database.conect.Statement] : ExecuteQuery: SELECT COUNT(1) FROM TSIUSU WHERE LOGIN = ? 
29/12/2017-22:16:30,355 | INFO [class br.com.sinergia.database.conect.Statement] : 1º Parâmetro(java.lang.String): SUP 
29/12/2017-22:16:30,358 | WARN [class br.com.sinergia.controllers.fxml.LoginController] : Usuário não encontrado para login digitado 
29/12/2017-22:16:31,500 | INFO [class br.com.sinergia.database.conect.Statement] : ExecuteQuery: SELECT COUNT(1) FROM TSIUSU WHERE LOGIN = ? 
29/12/2017-22:16:31,500 | INFO [class br.com.sinergia.database.conect.Statement] : 1º Parâmetro(java.lang.String): SUP 
29/12/2017-22:16:31,504 | WARN [class br.com.sinergia.controllers.fxml.LoginController] : Usuário não encontrado para login digitado 
29/12/2017-22:16:32,612 | INFO [class br.com.sinergia.database.conect.Statement] : ExecuteQuery: SELECT COUNT(1) FROM TSIUSU WHERE LOGIN = ? 
29/12/2017-22:16:32,612 | INFO [class br.com.sinergia.database.conect.Statement] : 1º Parâmetro(java.lang.String): SUP 
29/12/2017-22:16:32,615 | WARN [class br.com.sinergia.controllers.fxml.LoginController] : Usuário não encontrado para login digitado 
29/12/2017-22:16:33,832 | INFO [class br.com.sinergia.database.conect.Statement] : ExecuteQuery: SELECT COUNT(1) FROM TSIUSU WHERE LOGIN = ? 
29/12/2017-22:16:33,832 | INFO [class br.com.sinergia.database.conect.Statement] : 1º Parâmetro(java.lang.String): SUP 
29/12/2017-22:16:33,835 | WARN [class br.com.sinergia.controllers.fxml.LoginController] : Usuário não encontrado para login digitado 
29/12/2017-22:16:35,014 | INFO [class br.com.sinergia.database.conect.Statement] : ExecuteQuery: SELECT COUNT(1) FROM TSIUSU WHERE LOGIN = ? 
29/12/2017-22:16:35,015 | INFO [class br.com.sinergia.database.conect.Statement] : 1º Parâmetro(java.lang.String): SUP 
29/12/2017-22:16:35,018 | WARN [class br.com.sinergia.controllers.fxml.LoginController] : Usuário não encontrado para login digitado 
29/12/2017-22:16:51,156 | INFO [class br.com.sinergia.database.conect.Statement] : ExecuteQuery: SELECT COUNT(1) FROM TSIUSU WHERE LOGIN = ? 
29/12/2017-22:16:51,159 | INFO [class br.com.sinergia.database.conect.Statement] : 1º Parâmetro(java.lang.String): ADMIN 
29/12/2017-22:16:51,167 | INFO [class br.com.sinergia.database.conect.Statement] : ExecuteQuery: SELECT ATIVO, CODUSU, NOME, LOGIN, SENHA, MD5(?) AS CRYPT, GET_TSIPAR_T(?, ?) AS VERSAOATUALDB FROM TSIUSU WHERE LOGIN = ? 
29/12/2017-22:16:51,168 | INFO [class br.com.sinergia.database.conect.Statement] : 1º Parâmetro(java.lang.String): (Criptografado) 
29/12/2017-22:16:51,168 | INFO [class br.com.sinergia.database.conect.Statement] : 2º Parâmetro(java.lang.String): VERSAOATUALDB 
29/12/2017-22:16:51,168 | INFO [class br.com.sinergia.database.conect.Statement] : 3º Parâmetro(java.lang.Integer): 0 
29/12/2017-22:16:51,169 | INFO [class br.com.sinergia.database.conect.Statement] : 4º Parâmetro(java.lang.String): ADMIN 
29/12/2017-22:16:51,174 | ERROR [class br.com.sinergia.controllers.fxml.LoginController] : Erro ao tentar autenticar login do usuário
java.sql.SQLException: ORA-28231: não foram passados dados para kit de ferramentas de ofuscação
ORA-06512: em "SYS.DBMS_OBFUSCATION_TOOLKIT_FFI", line 109
ORA-06512: em "SYS.DBMS_OBFUSCATION_TOOLKIT", line 291
ORA-06512: em "SINERGIA.MD5", line 5
 
29/12/2017-22:16:51,180 | ERROR [class br.com.sinergia.controllers.fxml.LoginController] : br.com.sinergia.controllers.dialog.ModelException
	at br.com.sinergia.controllers.fxml.LoginController.catchInfoLogin(LoginController.java:142)
	at br.com.sinergia.controllers.fxml.LoginController.autenticarLogin(LoginController.java:77)
	at br.com.sinergia.controllers.fxml.LoginController.lambda$propriedades$0(LoginController.java:50)
	at com.sun.javafx.event.CompositeEventHandler.dispatchBubblingEvent(CompositeEventHandler.java:86)
	at com.sun.javafx.event.EventHandlerManager.dispatchBubblingEvent(EventHandlerManager.java:238)
	at com.sun.javafx.event.EventHandlerManager.dispatchBubblingEvent(EventHandlerManager.java:191)
	at com.sun.javafx.event.CompositeEventDispatcher.dispatchBubblingEvent(CompositeEventDispatcher.java:59)
	at com.sun.javafx.event.BasicEventDispatcher.dispatchEvent(BasicEventDispatcher.java:58)
	at com.sun.javafx.event.EventDispatchChainImpl.dispatchEvent(EventDispatchChainImpl.java:114)
	at com.sun.javafx.event.BasicEventDispatcher.dispatchEvent(BasicEventDispatcher.java:56)
	at com.sun.javafx.event.EventDispatchChainImpl.dispatchEvent(EventDispatchChainImpl.java:114)
	at com.sun.javafx.event.BasicEventDispatcher.dispatchEvent(BasicEventDispatcher.java:56)
	at com.sun.javafx.event.EventDispatchChainImpl.dispatchEvent(EventDispatchChainImpl.java:114)
	at com.sun.javafx.event.EventUtil.fireEventImpl(EventUtil.java:74)
	at com.sun.javafx.event.EventUtil.fireEvent(EventUtil.java:49)
	at javafx.event.Event.fireEvent(Event.java:198)
	at javafx.scene.Node.fireEvent(Node.java:8413)
	at com.sun.javafx.scene.control.behavior.TextFieldBehavior.fire(TextFieldBehavior.java:179)
	at com.sun.javafx.scene.control.behavior.TextInputControlBehavior.callAction(TextInputControlBehavior.java:178)
	at com.sun.javafx.scene.control.behavior.BehaviorBase.callActionForEvent(BehaviorBase.java:218)
	at com.sun.javafx.scene.control.behavior.TextInputControlBehavior.callActionForEvent(TextInputControlBehavior.java:127)
	at com.sun.javafx.scene.control.behavior.BehaviorBase.lambda$new$74(BehaviorBase.java:135)
	at com.sun.javafx.event.CompositeEventHandler$NormalEventHandlerRecord.handleBubblingEvent(CompositeEventHandler.java:218)
	at com.sun.javafx.event.CompositeEventHandler.dispatchBubblingEvent(CompositeEventHandler.java:80)
	at com.sun.javafx.event.EventHandlerManager.dispatchBubblingEvent(EventHandlerManager.java:238)
	at com.sun.javafx.event.EventHandlerManager.dispatchBubblingEvent(EventHandlerManager.java:191)
	at com.sun.javafx.event.CompositeEventDispatcher.dispatchBubblingEvent(CompositeEventDispatcher.java:59)
	at com.sun.javafx.event.BasicEventDispatcher.dispatchEvent(BasicEventDispatcher.java:58)
	at com.sun.javafx.event.EventDispatchChainImpl.dispatchEvent(EventDispatchChainImpl.java:114)
	at com.sun.javafx.event.BasicEventDispatcher.dispatchEvent(BasicEventDispatcher.java:56)
	at com.sun.javafx.event.EventDispatchChainImpl.dispatchEvent(EventDispatchChainImpl.java:114)
	at com.sun.javafx.event.BasicEventDispatcher.dispatchEvent(BasicEventDispatcher.java:56)
	at com.sun.javafx.event.EventDispatchChainImpl.dispatchEvent(EventDispatchChainImpl.java:114)
	at com.sun.javafx.event.EventUtil.fireEventImpl(EventUtil.java:74)
	at com.sun.javafx.event.EventUtil.fireEvent(EventUtil.java:54)
	at javafx.event.Event.fireEvent(Event.java:198)
	at javafx.scene.Scene$KeyHandler.process(Scene.java:3964)
	at javafx.scene.Scene$KeyHandler.access$1800(Scene.java:3910)
	at javafx.scene.Scene.impl_processKeyEvent(Scene.java:2040)
	at javafx.scene.Scene$ScenePeerListener.keyEvent(Scene.java:2501)
	at com.sun.javafx.tk.quantum.GlassViewEventHandler$KeyEventNotification.run(GlassViewEventHandler.java:217)
	at com.sun.javafx.tk.quantum.GlassViewEventHandler$KeyEventNotification.run(GlassViewEventHandler.java:149)
	at java.security.AccessController.doPrivileged(Native Method)
	at com.sun.javafx.tk.quantum.GlassViewEventHandler.lambda$handleKeyEvent$353(GlassViewEventHandler.java:248)
	at com.sun.javafx.tk.quantum.QuantumToolkit.runWithoutRenderLock(QuantumToolkit.java:389)
	at com.sun.javafx.tk.quantum.GlassViewEventHandler.handleKeyEvent(GlassViewEventHandler.java:247)
	at com.sun.glass.ui.View.handleKeyEvent(View.java:546)
	at com.sun.glass.ui.View.notifyKey(View.java:966)
	at com.sun.glass.ui.win.WinApplication._runLoop(Native Method)
	at com.sun.glass.ui.win.WinApplication.lambda$null$148(WinApplication.java:191)
	at java.lang.Thread.run(Thread.java:748)
Caused by: java.sql.SQLException: ORA-28231: não foram passados dados para kit de ferramentas de ofuscação
ORA-06512: em "SYS.DBMS_OBFUSCATION_TOOLKIT_FFI", line 109
ORA-06512: em "SYS.DBMS_OBFUSCATION_TOOLKIT", line 291
ORA-06512: em "SINERGIA.MD5", line 5

	at oracle.jdbc.driver.T4CTTIoer.processError(T4CTTIoer.java:450)
	at oracle.jdbc.driver.T4CTTIoer.processError(T4CTTIoer.java:399)
	at oracle.jdbc.driver.T4C8Oall.processError(T4C8Oall.java:1017)
	at oracle.jdbc.driver.T4CTTIfun.receive(T4CTTIfun.java:655)
	at oracle.jdbc.driver.T4CTTIfun.doRPC(T4CTTIfun.java:249)
	at oracle.jdbc.driver.T4C8Oall.doOALL(T4C8Oall.java:566)
	at oracle.jdbc.driver.T4CPreparedStatement.doOall8(T4CPreparedStatement.java:215)
	at oracle.jdbc.driver.T4CPreparedStatement.doOall8(T4CPreparedStatement.java:58)
	at oracle.jdbc.driver.T4CPreparedStatement.executeForDescribe(T4CPreparedStatement.java:776)
	at oracle.jdbc.driver.OracleStatement.executeMaybeDescribe(OracleStatement.java:897)
	at oracle.jdbc.driver.OracleStatement.doExecuteWithTimeout(OracleStatement.java:1034)
	at oracle.jdbc.driver.OraclePreparedStatement.executeInternal(OraclePreparedStatement.java:3820)
	at oracle.jdbc.driver.OraclePreparedStatement.executeQuery(OraclePreparedStatement.java:3867)
	at oracle.jdbc.driver.OraclePreparedStatementWrapper.executeQuery(OraclePreparedStatementWrapper.java:1502)
	at br.com.sinergia.database.conect.Statement.createSet(Statement.java:49)
	at br.com.sinergia.controllers.fxml.LoginController.catchInfoLogin(LoginController.java:130)
	... 50 more
 
29/12/2017-22:16:54,317 | INFO [class br.com.sinergia.database.conect.Statement] : ExecuteQuery: SELECT COUNT(1) FROM TSIUSU WHERE LOGIN = ? 
29/12/2017-22:16:54,317 | INFO [class br.com.sinergia.database.conect.Statement] : 1º Parâmetro(java.lang.String): ADMIN 
29/12/2017-22:16:54,318 | INFO [class br.com.sinergia.database.conect.Statement] : ExecuteQuery: SELECT ATIVO, CODUSU, NOME, LOGIN, SENHA, MD5(?) AS CRYPT, GET_TSIPAR_T(?, ?) AS VERSAOATUALDB FROM TSIUSU WHERE LOGIN = ? 
29/12/2017-22:16:54,318 | INFO [class br.com.sinergia.database.conect.Statement] : 1º Parâmetro(java.lang.String): (Criptografado) 
29/12/2017-22:16:54,318 | INFO [class br.com.sinergia.database.conect.Statement] : 2º Parâmetro(java.lang.String): VERSAOATUALDB 
29/12/2017-22:16:54,319 | INFO [class br.com.sinergia.database.conect.Statement] : 3º Parâmetro(java.lang.Integer): 0 
29/12/2017-22:16:54,319 | INFO [class br.com.sinergia.database.conect.Statement] : 4º Parâmetro(java.lang.String): ADMIN 
29/12/2017-22:16:54,630 | WARN [class br.com.sinergia.controllers.fxml.LoginController] : Senha digitada inválida 
29/12/2017-22:16:56,060 | INFO [class br.com.sinergia.database.conect.Statement] : ExecuteQuery: SELECT COUNT(1) FROM TSIUSU WHERE LOGIN = ? 
29/12/2017-22:16:56,061 | INFO [class br.com.sinergia.database.conect.Statement] : 1º Parâmetro(java.lang.String): ADMIN 
29/12/2017-22:16:56,062 | INFO [class br.com.sinergia.database.conect.Statement] : ExecuteQuery: SELECT ATIVO, CODUSU, NOME, LOGIN, SENHA, MD5(?) AS CRYPT, GET_TSIPAR_T(?, ?) AS VERSAOATUALDB FROM TSIUSU WHERE LOGIN = ? 
29/12/2017-22:16:56,062 | INFO [class br.com.sinergia.database.conect.Statement] : 1º Parâmetro(java.lang.String): (Criptografado) 
29/12/2017-22:16:56,062 | INFO [class br.com.sinergia.database.conect.Statement] : 2º Parâmetro(java.lang.String): VERSAOATUALDB 
29/12/2017-22:16:56,062 | INFO [class br.com.sinergia.database.conect.Statement] : 3º Parâmetro(java.lang.Integer): 0 
29/12/2017-22:16:56,062 | INFO [class br.com.sinergia.database.conect.Statement] : 4º Parâmetro(java.lang.String): ADMIN 
29/12/2017-22:16:56,067 | WARN [class br.com.sinergia.controllers.fxml.LoginController] : Senha digitada inválida 
29/12/2017-22:16:57,133 | INFO [class br.com.sinergia.database.conect.Statement] : ExecuteQuery: SELECT COUNT(1) FROM TSIUSU WHERE LOGIN = ? 
29/12/2017-22:16:57,133 | INFO [class br.com.sinergia.database.conect.Statement] : 1º Parâmetro(java.lang.String): ADMIN 
29/12/2017-22:16:57,134 | INFO [class br.com.sinergia.database.conect.Statement] : ExecuteQuery: SELECT ATIVO, CODUSU, NOME, LOGIN, SENHA, MD5(?) AS CRYPT, GET_TSIPAR_T(?, ?) AS VERSAOATUALDB FROM TSIUSU WHERE LOGIN = ? 
29/12/2017-22:16:57,134 | INFO [class br.com.sinergia.database.conect.Statement] : 1º Parâmetro(java.lang.String): (Criptografado) 
29/12/2017-22:16:57,134 | INFO [class br.com.sinergia.database.conect.Statement] : 2º Parâmetro(java.lang.String): VERSAOATUALDB 
29/12/2017-22:16:57,134 | INFO [class br.com.sinergia.database.conect.Statement] : 3º Parâmetro(java.lang.Integer): 0 
29/12/2017-22:16:57,134 | INFO [class br.com.sinergia.database.conect.Statement] : 4º Parâmetro(java.lang.String): ADMIN 
29/12/2017-22:16:57,138 | WARN [class br.com.sinergia.controllers.fxml.LoginController] : Senha digitada inválida 
29/12/2017-22:16:58,222 | INFO [class br.com.sinergia.database.conect.Statement] : ExecuteQuery: SELECT COUNT(1) FROM TSIUSU WHERE LOGIN = ? 
29/12/2017-22:16:58,222 | INFO [class br.com.sinergia.database.conect.Statement] : 1º Parâmetro(java.lang.String): ADMIN 
29/12/2017-22:16:58,222 | INFO [class br.com.sinergia.database.conect.Statement] : ExecuteQuery: SELECT ATIVO, CODUSU, NOME, LOGIN, SENHA, MD5(?) AS CRYPT, GET_TSIPAR_T(?, ?) AS VERSAOATUALDB FROM TSIUSU WHERE LOGIN = ? 
29/12/2017-22:16:58,223 | INFO [class br.com.sinergia.database.conect.Statement] : 1º Parâmetro(java.lang.String): (Criptografado) 
29/12/2017-22:16:58,223 | INFO [class br.com.sinergia.database.conect.Statement] : 2º Parâmetro(java.lang.String): VERSAOATUALDB 
29/12/2017-22:16:58,223 | INFO [class br.com.sinergia.database.conect.Statement] : 3º Parâmetro(java.lang.Integer): 0 
29/12/2017-22:16:58,223 | INFO [class br.com.sinergia.database.conect.Statement] : 4º Parâmetro(java.lang.String): ADMIN 
29/12/2017-22:16:58,228 | WARN [class br.com.sinergia.controllers.fxml.LoginController] : Tentativa de login excedida. Máquina bloqueada. 
29/12/2017-22:16:59,567 | INFO [class br.com.sinergia.database.conect.Statement] : ExecuteQuery: SELECT COUNT(1) FROM TSIUSU WHERE LOGIN = ? 
29/12/2017-22:16:59,571 | INFO [class br.com.sinergia.database.conect.Statement] : 1º Parâmetro(java.lang.String): ADMIN 
29/12/2017-22:16:59,575 | INFO [class br.com.sinergia.database.conect.Statement] : ExecuteQuery: SELECT ATIVO, CODUSU, NOME, LOGIN, SENHA, MD5(?) AS CRYPT, GET_TSIPAR_T(?, ?) AS VERSAOATUALDB FROM TSIUSU WHERE LOGIN = ? 
29/12/2017-22:16:59,575 | INFO [class br.com.sinergia.database.conect.Statement] : 1º Parâmetro(java.lang.String): (Criptografado) 
29/12/2017-22:16:59,575 | INFO [class br.com.sinergia.database.conect.Statement] : 2º Parâmetro(java.lang.String): VERSAOATUALDB 
29/12/2017-22:16:59,575 | INFO [class br.com.sinergia.database.conect.Statement] : 3º Parâmetro(java.lang.Integer): 0 
29/12/2017-22:16:59,576 | INFO [class br.com.sinergia.database.conect.Statement] : 4º Parâmetro(java.lang.String): ADMIN 
29/12/2017-22:16:59,606 | WARN [class br.com.sinergia.controllers.fxml.LoginController] : Senha digitada inválida 
29/12/2017-22:17:00,905 | INFO [class br.com.sinergia.database.conect.Statement] : ExecuteQuery: SELECT COUNT(1) FROM TSIUSU WHERE LOGIN = ? 
29/12/2017-22:17:00,905 | INFO [class br.com.sinergia.database.conect.Statement] : 1º Parâmetro(java.lang.String): ADMIN 
29/12/2017-22:17:00,906 | INFO [class br.com.sinergia.database.conect.Statement] : ExecuteQuery: SELECT ATIVO, CODUSU, NOME, LOGIN, SENHA, MD5(?) AS CRYPT, GET_TSIPAR_T(?, ?) AS VERSAOATUALDB FROM TSIUSU WHERE LOGIN = ? 
29/12/2017-22:17:00,906 | INFO [class br.com.sinergia.database.conect.Statement] : 1º Parâmetro(java.lang.String): (Criptografado) 
29/12/2017-22:17:00,906 | INFO [class br.com.sinergia.database.conect.Statement] : 2º Parâmetro(java.lang.String): VERSAOATUALDB 
29/12/2017-22:17:00,906 | INFO [class br.com.sinergia.database.conect.Statement] : 3º Parâmetro(java.lang.Integer): 0 
29/12/2017-22:17:00,906 | INFO [class br.com.sinergia.database.conect.Statement] : 4º Parâmetro(java.lang.String): ADMIN 
29/12/2017-22:17:00,910 | WARN [class br.com.sinergia.controllers.fxml.LoginController] : Senha digitada inválida 
29/12/2017-22:17:01,983 | INFO [class br.com.sinergia.database.conect.Statement] : ExecuteQuery: SELECT COUNT(1) FROM TSIUSU WHERE LOGIN = ? 
29/12/2017-22:17:01,983 | INFO [class br.com.sinergia.database.conect.Statement] : 1º Parâmetro(java.lang.String): ADMIN 
29/12/2017-22:17:01,984 | INFO [class br.com.sinergia.database.conect.Statement] : ExecuteQuery: SELECT ATIVO, CODUSU, NOME, LOGIN, SENHA, MD5(?) AS CRYPT, GET_TSIPAR_T(?, ?) AS VERSAOATUALDB FROM TSIUSU WHERE LOGIN = ? 
29/12/2017-22:17:01,984 | INFO [class br.com.sinergia.database.conect.Statement] : 1º Parâmetro(java.lang.String): (Criptografado) 
29/12/2017-22:17:01,985 | INFO [class br.com.sinergia.database.conect.Statement] : 2º Parâmetro(java.lang.String): VERSAOATUALDB 
29/12/2017-22:17:01,985 | INFO [class br.com.sinergia.database.conect.Statement] : 3º Parâmetro(java.lang.Integer): 0 
29/12/2017-22:17:01,985 | INFO [class br.com.sinergia.database.conect.Statement] : 4º Parâmetro(java.lang.String): ADMIN 
29/12/2017-22:17:01,989 | WARN [class br.com.sinergia.controllers.fxml.LoginController] : Senha digitada inválida 
29/12/2017-22:17:03,035 | INFO [class br.com.sinergia.database.conect.Statement] : ExecuteQuery: SELECT COUNT(1) FROM TSIUSU WHERE LOGIN = ? 
29/12/2017-22:17:03,036 | INFO [class br.com.sinergia.database.conect.Statement] : 1º Parâmetro(java.lang.String): ADMIN 
29/12/2017-22:17:03,036 | INFO [class br.com.sinergia.database.conect.Statement] : ExecuteQuery: SELECT ATIVO, CODUSU, NOME, LOGIN, SENHA, MD5(?) AS CRYPT, GET_TSIPAR_T(?, ?) AS VERSAOATUALDB FROM TSIUSU WHERE LOGIN = ? 
29/12/2017-22:17:03,036 | INFO [class br.com.sinergia.database.conect.Statement] : 1º Parâmetro(java.lang.String): (Criptografado) 
29/12/2017-22:17:03,036 | INFO [class br.com.sinergia.database.conect.Statement] : 2º Parâmetro(java.lang.String): VERSAOATUALDB 
29/12/2017-22:17:03,036 | INFO [class br.com.sinergia.database.conect.Statement] : 3º Parâmetro(java.lang.Integer): 0 
29/12/2017-22:17:03,037 | INFO [class br.com.sinergia.database.conect.Statement] : 4º Parâmetro(java.lang.String): ADMIN 
29/12/2017-22:17:03,040 | WARN [class br.com.sinergia.controllers.fxml.LoginController] : Senha digitada inválida 
29/12/2017-22:17:04,147 | INFO [class br.com.sinergia.database.conect.Statement] : ExecuteQuery: SELECT COUNT(1) FROM TSIUSU WHERE LOGIN = ? 
29/12/2017-22:17:04,148 | INFO [class br.com.sinergia.database.conect.Statement] : 1º Parâmetro(java.lang.String): ADMIN 
29/12/2017-22:17:04,148 | INFO [class br.com.sinergia.database.conect.Statement] : ExecuteQuery: SELECT ATIVO, CODUSU, NOME, LOGIN, SENHA, MD5(?) AS CRYPT, GET_TSIPAR_T(?, ?) AS VERSAOATUALDB FROM TSIUSU WHERE LOGIN = ? 
29/12/2017-22:17:04,148 | INFO [class br.com.sinergia.database.conect.Statement] : 1º Parâmetro(java.lang.String): (Criptografado) 
29/12/2017-22:17:04,149 | INFO [class br.com.sinergia.database.conect.Statement] : 2º Parâmetro(java.lang.String): VERSAOATUALDB 
29/12/2017-22:17:04,149 | INFO [class br.com.sinergia.database.conect.Statement] : 3º Parâmetro(java.lang.Integer): 0 
29/12/2017-22:17:04,149 | INFO [class br.com.sinergia.database.conect.Statement] : 4º Parâmetro(java.lang.String): ADMIN 
29/12/2017-22:17:04,152 | WARN [class br.com.sinergia.controllers.fxml.LoginController] : Senha digitada inválida 
29/12/2017-22:17:05,327 | INFO [class br.com.sinergia.database.conect.Statement] : ExecuteQuery: SELECT COUNT(1) FROM TSIUSU WHERE LOGIN = ? 
29/12/2017-22:17:05,327 | INFO [class br.com.sinergia.database.conect.Statement] : 1º Parâmetro(java.lang.String): ADMIN 
29/12/2017-22:17:05,328 | INFO [class br.com.sinergia.database.conect.Statement] : ExecuteQuery: SELECT ATIVO, CODUSU, NOME, LOGIN, SENHA, MD5(?) AS CRYPT, GET_TSIPAR_T(?, ?) AS VERSAOATUALDB FROM TSIUSU WHERE LOGIN = ? 
29/12/2017-22:17:05,328 | INFO [class br.com.sinergia.database.conect.Statement] : 1º Parâmetro(java.lang.String): (Criptografado) 
29/12/2017-22:17:05,328 | INFO [class br.com.sinergia.database.conect.Statement] : 2º Parâmetro(java.lang.String): VERSAOATUALDB 
29/12/2017-22:17:05,328 | INFO [class br.com.sinergia.database.conect.Statement] : 3º Parâmetro(java.lang.Integer): 0 
29/12/2017-22:17:05,328 | INFO [class br.com.sinergia.database.conect.Statement] : 4º Parâmetro(java.lang.String): ADMIN 
29/12/2017-22:17:05,332 | WARN [class br.com.sinergia.controllers.fxml.LoginController] : Senha digitada inválida 
29/12/2017-22:17:06,379 | INFO [class br.com.sinergia.database.conect.Statement] : ExecuteQuery: SELECT COUNT(1) FROM TSIUSU WHERE LOGIN = ? 
29/12/2017-22:17:06,380 | INFO [class br.com.sinergia.database.conect.Statement] : 1º Parâmetro(java.lang.String): ADMIN 
29/12/2017-22:17:06,380 | INFO [class br.com.sinergia.database.conect.Statement] : ExecuteQuery: SELECT ATIVO, CODUSU, NOME, LOGIN, SENHA, MD5(?) AS CRYPT, GET_TSIPAR_T(?, ?) AS VERSAOATUALDB FROM TSIUSU WHERE LOGIN = ? 
29/12/2017-22:17:06,380 | INFO [class br.com.sinergia.database.conect.Statement] : 1º Parâmetro(java.lang.String): (Criptografado) 
29/12/2017-22:17:06,380 | INFO [class br.com.sinergia.database.conect.Statement] : 2º Parâmetro(java.lang.String): VERSAOATUALDB 
29/12/2017-22:17:06,381 | INFO [class br.com.sinergia.database.conect.Statement] : 3º Parâmetro(java.lang.Integer): 0 
29/12/2017-22:17:06,381 | INFO [class br.com.sinergia.database.conect.Statement] : 4º Parâmetro(java.lang.String): ADMIN 
29/12/2017-22:17:06,384 | WARN [class br.com.sinergia.controllers.fxml.LoginController] : Senha digitada inválida 
29/12/2017-22:17:47,877 | INFO [class br.com.sinergia.database.conect.Statement] : ExecuteQuery: SELECT COUNT(1) FROM TSIUSU WHERE LOGIN = ? 
29/12/2017-22:17:47,880 | INFO [class br.com.sinergia.database.conect.Statement] : 1º Parâmetro(java.lang.String): MARCELOEV 
29/12/2017-22:17:47,889 | INFO [class br.com.sinergia.database.conect.Statement] : ExecuteQuery: SELECT ATIVO, CODUSU, NOME, LOGIN, SENHA, MD5(?) AS CRYPT, GET_TSIPAR_T(?, ?) AS VERSAOATUALDB FROM TSIUSU WHERE LOGIN = ? 
29/12/2017-22:17:47,889 | INFO [class br.com.sinergia.database.conect.Statement] : 1º Parâmetro(java.lang.String): (Criptografado) 
29/12/2017-22:17:47,889 | INFO [class br.com.sinergia.database.conect.Statement] : 2º Parâmetro(java.lang.String): VERSAOATUALDB 
29/12/2017-22:17:47,891 | INFO [class br.com.sinergia.database.conect.Statement] : 3º Parâmetro(java.lang.Integer): 0 
29/12/2017-22:17:47,891 | INFO [class br.com.sinergia.database.conect.Statement] : 4º Parâmetro(java.lang.String): MARCELOEV 
29/12/2017-22:17:47,901 | ERROR [class br.com.sinergia.controllers.fxml.LoginController] : Erro ao tentar autenticar login do usuário
java.sql.SQLException: ORA-28231: não foram passados dados para kit de ferramentas de ofuscação
ORA-06512: em "SYS.DBMS_OBFUSCATION_TOOLKIT_FFI", line 109
ORA-06512: em "SYS.DBMS_OBFUSCATION_TOOLKIT", line 291
ORA-06512: em "SINERGIA.MD5", line 5
 
29/12/2017-22:17:47,907 | ERROR [class br.com.sinergia.controllers.fxml.LoginController] : br.com.sinergia.controllers.dialog.ModelException
	at br.com.sinergia.controllers.fxml.LoginController.catchInfoLogin(LoginController.java:144)
	at br.com.sinergia.controllers.fxml.LoginController.autenticarLogin(LoginController.java:77)
	at br.com.sinergia.controllers.fxml.LoginController.lambda$propriedades$0(LoginController.java:50)
	at com.sun.javafx.event.CompositeEventHandler.dispatchBubblingEvent(CompositeEventHandler.java:86)
	at com.sun.javafx.event.EventHandlerManager.dispatchBubblingEvent(EventHandlerManager.java:238)
	at com.sun.javafx.event.EventHandlerManager.dispatchBubblingEvent(EventHandlerManager.java:191)
	at com.sun.javafx.event.CompositeEventDispatcher.dispatchBubblingEvent(CompositeEventDispatcher.java:59)
	at com.sun.javafx.event.BasicEventDispatcher.dispatchEvent(BasicEventDispatcher.java:58)
	at com.sun.javafx.event.EventDispatchChainImpl.dispatchEvent(EventDispatchChainImpl.java:114)
	at com.sun.javafx.event.BasicEventDispatcher.dispatchEvent(BasicEventDispatcher.java:56)
	at com.sun.javafx.event.EventDispatchChainImpl.dispatchEvent(EventDispatchChainImpl.java:114)
	at com.sun.javafx.event.BasicEventDispatcher.dispatchEvent(BasicEventDispatcher.java:56)
	at com.sun.javafx.event.EventDispatchChainImpl.dispatchEvent(EventDispatchChainImpl.java:114)
	at com.sun.javafx.event.EventUtil.fireEventImpl(EventUtil.java:74)
	at com.sun.javafx.event.EventUtil.fireEvent(EventUtil.java:49)
	at javafx.event.Event.fireEvent(Event.java:198)
	at javafx.scene.Node.fireEvent(Node.java:8413)
	at com.sun.javafx.scene.control.behavior.TextFieldBehavior.fire(TextFieldBehavior.java:179)
	at com.sun.javafx.scene.control.behavior.TextInputControlBehavior.callAction(TextInputControlBehavior.java:178)
	at com.sun.javafx.scene.control.behavior.BehaviorBase.callActionForEvent(BehaviorBase.java:218)
	at com.sun.javafx.scene.control.behavior.TextInputControlBehavior.callActionForEvent(TextInputControlBehavior.java:127)
	at com.sun.javafx.scene.control.behavior.BehaviorBase.lambda$new$74(BehaviorBase.java:135)
	at com.sun.javafx.event.CompositeEventHandler$NormalEventHandlerRecord.handleBubblingEvent(CompositeEventHandler.java:218)
	at com.sun.javafx.event.CompositeEventHandler.dispatchBubblingEvent(CompositeEventHandler.java:80)
	at com.sun.javafx.event.EventHandlerManager.dispatchBubblingEvent(EventHandlerManager.java:238)
	at com.sun.javafx.event.EventHandlerManager.dispatchBubblingEvent(EventHandlerManager.java:191)
	at com.sun.javafx.event.CompositeEventDispatcher.dispatchBubblingEvent(CompositeEventDispatcher.java:59)
	at com.sun.javafx.event.BasicEventDispatcher.dispatchEvent(BasicEventDispatcher.java:58)
	at com.sun.javafx.event.EventDispatchChainImpl.dispatchEvent(EventDispatchChainImpl.java:114)
	at com.sun.javafx.event.BasicEventDispatcher.dispatchEvent(BasicEventDispatcher.java:56)
	at com.sun.javafx.event.EventDispatchChainImpl.dispatchEvent(EventDispatchChainImpl.java:114)
	at com.sun.javafx.event.BasicEventDispatcher.dispatchEvent(BasicEventDispatcher.java:56)
	at com.sun.javafx.event.EventDispatchChainImpl.dispatchEvent(EventDispatchChainImpl.java:114)
	at com.sun.javafx.event.EventUtil.fireEventImpl(EventUtil.java:74)
	at com.sun.javafx.event.EventUtil.fireEvent(EventUtil.java:54)
	at javafx.event.Event.fireEvent(Event.java:198)
	at javafx.scene.Scene$KeyHandler.process(Scene.java:3964)
	at javafx.scene.Scene$KeyHandler.access$1800(Scene.java:3910)
	at javafx.scene.Scene.impl_processKeyEvent(Scene.java:2040)
	at javafx.scene.Scene$ScenePeerListener.keyEvent(Scene.java:2501)
	at com.sun.javafx.tk.quantum.GlassViewEventHandler$KeyEventNotification.run(GlassViewEventHandler.java:217)
	at com.sun.javafx.tk.quantum.GlassViewEventHandler$KeyEventNotification.run(GlassViewEventHandler.java:149)
	at java.security.AccessController.doPrivileged(Native Method)
	at com.sun.javafx.tk.quantum.GlassViewEventHandler.lambda$handleKeyEvent$353(GlassViewEventHandler.java:248)
	at com.sun.javafx.tk.quantum.QuantumToolkit.runWithoutRenderLock(QuantumToolkit.java:389)
	at com.sun.javafx.tk.quantum.GlassViewEventHandler.handleKeyEvent(GlassViewEventHandler.java:247)
	at com.sun.glass.ui.View.handleKeyEvent(View.java:546)
	at com.sun.glass.ui.View.notifyKey(View.java:966)
	at com.sun.glass.ui.win.WinApplication._runLoop(Native Method)
	at com.sun.glass.ui.win.WinApplication.lambda$null$148(WinApplication.java:191)
	at java.lang.Thread.run(Thread.java:748)
Caused by: java.sql.SQLException: ORA-28231: não foram passados dados para kit de ferramentas de ofuscação
ORA-06512: em "SYS.DBMS_OBFUSCATION_TOOLKIT_FFI", line 109
ORA-06512: em "SYS.DBMS_OBFUSCATION_TOOLKIT", line 291
ORA-06512: em "SINERGIA.MD5", line 5

	at oracle.jdbc.driver.T4CTTIoer.processError(T4CTTIoer.java:450)
	at oracle.jdbc.driver.T4CTTIoer.processError(T4CTTIoer.java:399)
	at oracle.jdbc.driver.T4C8Oall.processError(T4C8Oall.java:1017)
	at oracle.jdbc.driver.T4CTTIfun.receive(T4CTTIfun.java:655)
	at oracle.jdbc.driver.T4CTTIfun.doRPC(T4CTTIfun.java:249)
	at oracle.jdbc.driver.T4C8Oall.doOALL(T4C8Oall.java:566)
	at oracle.jdbc.driver.T4CPreparedStatement.doOall8(T4CPreparedStatement.java:215)
	at oracle.jdbc.driver.T4CPreparedStatement.doOall8(T4CPreparedStatement.java:58)
	at oracle.jdbc.driver.T4CPreparedStatement.executeForDescribe(T4CPreparedStatement.java:776)
	at oracle.jdbc.driver.OracleStatement.executeMaybeDescribe(OracleStatement.java:897)
	at oracle.jdbc.driver.OracleStatement.doExecuteWithTimeout(OracleStatement.java:1034)
	at oracle.jdbc.driver.OraclePreparedStatement.executeInternal(OraclePreparedStatement.java:3820)
	at oracle.jdbc.driver.OraclePreparedStatement.executeQuery(OraclePreparedStatement.java:3867)
	at oracle.jdbc.driver.OraclePreparedStatementWrapper.executeQuery(OraclePreparedStatementWrapper.java:1502)
	at br.com.sinergia.database.conect.Statement.createSet(Statement.java:49)
	at br.com.sinergia.controllers.fxml.LoginController.catchInfoLogin(LoginController.java:132)
	... 50 more
 
29/12/2017-22:17:49,991 | INFO [class br.com.sinergia.database.conect.Statement] : ExecuteQuery: SELECT COUNT(1) FROM TSIUSU WHERE LOGIN = ? 
29/12/2017-22:17:49,991 | INFO [class br.com.sinergia.database.conect.Statement] : 1º Parâmetro(java.lang.String): MARCELOEV 
29/12/2017-22:17:49,992 | INFO [class br.com.sinergia.database.conect.Statement] : ExecuteQuery: SELECT ATIVO, CODUSU, NOME, LOGIN, SENHA, MD5(?) AS CRYPT, GET_TSIPAR_T(?, ?) AS VERSAOATUALDB FROM TSIUSU WHERE LOGIN = ? 
29/12/2017-22:17:49,992 | INFO [class br.com.sinergia.database.conect.Statement] : 1º Parâmetro(java.lang.String): (Criptografado) 
29/12/2017-22:17:49,992 | INFO [class br.com.sinergia.database.conect.Statement] : 2º Parâmetro(java.lang.String): VERSAOATUALDB 
29/12/2017-22:17:49,993 | INFO [class br.com.sinergia.database.conect.Statement] : 3º Parâmetro(java.lang.Integer): 0 
29/12/2017-22:17:49,993 | INFO [class br.com.sinergia.database.conect.Statement] : 4º Parâmetro(java.lang.String): MARCELOEV 
29/12/2017-22:17:50,002 | WARN [class br.com.sinergia.controllers.fxml.LoginController] : Senha digitada inválida 
29/12/2017-22:17:51,160 | INFO [class br.com.sinergia.database.conect.Statement] : ExecuteQuery: SELECT COUNT(1) FROM TSIUSU WHERE LOGIN = ? 
29/12/2017-22:17:51,161 | INFO [class br.com.sinergia.database.conect.Statement] : 1º Parâmetro(java.lang.String): MARCELOEV 
29/12/2017-22:17:51,163 | INFO [class br.com.sinergia.database.conect.Statement] : ExecuteQuery: SELECT ATIVO, CODUSU, NOME, LOGIN, SENHA, MD5(?) AS CRYPT, GET_TSIPAR_T(?, ?) AS VERSAOATUALDB FROM TSIUSU WHERE LOGIN = ? 
29/12/2017-22:17:51,163 | INFO [class br.com.sinergia.database.conect.Statement] : 1º Parâmetro(java.lang.String): (Criptografado) 
29/12/2017-22:17:51,163 | INFO [class br.com.sinergia.database.conect.Statement] : 2º Parâmetro(java.lang.String): VERSAOATUALDB 
29/12/2017-22:17:51,163 | INFO [class br.com.sinergia.database.conect.Statement] : 3º Parâmetro(java.lang.Integer): 0 
29/12/2017-22:17:51,163 | INFO [class br.com.sinergia.database.conect.Statement] : 4º Parâmetro(java.lang.String): MARCELOEV 
29/12/2017-22:17:51,168 | WARN [class br.com.sinergia.controllers.fxml.LoginController] : Senha digitada inválida 
29/12/2017-22:17:52,146 | INFO [class br.com.sinergia.database.conect.Statement] : ExecuteQuery: SELECT COUNT(1) FROM TSIUSU WHERE LOGIN = ? 
29/12/2017-22:17:52,146 | INFO [class br.com.sinergia.database.conect.Statement] : 1º Parâmetro(java.lang.String): MARCELOEV 
29/12/2017-22:17:52,147 | INFO [class br.com.sinergia.database.conect.Statement] : ExecuteQuery: SELECT ATIVO, CODUSU, NOME, LOGIN, SENHA, MD5(?) AS CRYPT, GET_TSIPAR_T(?, ?) AS VERSAOATUALDB FROM TSIUSU WHERE LOGIN = ? 
29/12/2017-22:17:52,147 | INFO [class br.com.sinergia.database.conect.Statement] : 1º Parâmetro(java.lang.String): (Criptografado) 
29/12/2017-22:17:52,147 | INFO [class br.com.sinergia.database.conect.Statement] : 2º Parâmetro(java.lang.String): VERSAOATUALDB 
29/12/2017-22:17:52,147 | INFO [class br.com.sinergia.database.conect.Statement] : 3º Parâmetro(java.lang.Integer): 0 
29/12/2017-22:17:52,147 | INFO [class br.com.sinergia.database.conect.Statement] : 4º Parâmetro(java.lang.String): MARCELOEV 
29/12/2017-22:17:52,151 | WARN [class br.com.sinergia.controllers.fxml.LoginController] : Senha digitada inválida 
29/12/2017-22:17:53,155 | INFO [class br.com.sinergia.database.conect.Statement] : ExecuteQuery: SELECT COUNT(1) FROM TSIUSU WHERE LOGIN = ? 
29/12/2017-22:17:53,156 | INFO [class br.com.sinergia.database.conect.Statement] : 1º Parâmetro(java.lang.String): MARCELOEV 
29/12/2017-22:17:53,157 | INFO [class br.com.sinergia.database.conect.Statement] : ExecuteQuery: SELECT ATIVO, CODUSU, NOME, LOGIN, SENHA, MD5(?) AS CRYPT, GET_TSIPAR_T(?, ?) AS VERSAOATUALDB FROM TSIUSU WHERE LOGIN = ? 
29/12/2017-22:17:53,157 | INFO [class br.com.sinergia.database.conect.Statement] : 1º Parâmetro(java.lang.String): (Criptografado) 
29/12/2017-22:17:53,157 | INFO [class br.com.sinergia.database.conect.Statement] : 2º Parâmetro(java.lang.String): VERSAOATUALDB 
29/12/2017-22:17:53,157 | INFO [class br.com.sinergia.database.conect.Statement] : 3º Parâmetro(java.lang.Integer): 0 
29/12/2017-22:17:53,157 | INFO [class br.com.sinergia.database.conect.Statement] : 4º Parâmetro(java.lang.String): MARCELOEV 
29/12/2017-22:17:53,162 | WARN [class br.com.sinergia.controllers.fxml.LoginController] : Senha digitada inválida 
29/12/2017-22:17:54,379 | INFO [class br.com.sinergia.database.conect.Statement] : ExecuteQuery: SELECT COUNT(1) FROM TSIUSU WHERE LOGIN = ? 
29/12/2017-22:17:54,379 | INFO [class br.com.sinergia.database.conect.Statement] : 1º Parâmetro(java.lang.String): MARCELOEV 
29/12/2017-22:17:54,380 | INFO [class br.com.sinergia.database.conect.Statement] : ExecuteQuery: SELECT ATIVO, CODUSU, NOME, LOGIN, SENHA, MD5(?) AS CRYPT, GET_TSIPAR_T(?, ?) AS VERSAOATUALDB FROM TSIUSU WHERE LOGIN = ? 
29/12/2017-22:17:54,381 | INFO [class br.com.sinergia.database.conect.Statement] : 1º Parâmetro(java.lang.String): (Criptografado) 
29/12/2017-22:17:54,381 | INFO [class br.com.sinergia.database.conect.Statement] : 2º Parâmetro(java.lang.String): VERSAOATUALDB 
29/12/2017-22:17:54,381 | INFO [class br.com.sinergia.database.conect.Statement] : 3º Parâmetro(java.lang.Integer): 0 
29/12/2017-22:17:54,381 | INFO [class br.com.sinergia.database.conect.Statement] : 4º Parâmetro(java.lang.String): MARCELOEV 
29/12/2017-22:17:54,385 | WARN [class br.com.sinergia.controllers.fxml.LoginController] : Senha digitada inválida 
29/12/2017-22:17:55,423 | INFO [class br.com.sinergia.database.conect.Statement] : ExecuteQuery: SELECT COUNT(1) FROM TSIUSU WHERE LOGIN = ? 
29/12/2017-22:17:55,424 | INFO [class br.com.sinergia.database.conect.Statement] : 1º Parâmetro(java.lang.String): MARCELOEV 
29/12/2017-22:17:55,424 | INFO [class br.com.sinergia.database.conect.Statement] : ExecuteQuery: SELECT ATIVO, CODUSU, NOME, LOGIN, SENHA, MD5(?) AS CRYPT, GET_TSIPAR_T(?, ?) AS VERSAOATUALDB FROM TSIUSU WHERE LOGIN = ? 
29/12/2017-22:17:55,425 | INFO [class br.com.sinergia.database.conect.Statement] : 1º Parâmetro(java.lang.String): (Criptografado) 
29/12/2017-22:17:55,425 | INFO [class br.com.sinergia.database.conect.Statement] : 2º Parâmetro(java.lang.String): VERSAOATUALDB 
29/12/2017-22:17:55,425 | INFO [class br.com.sinergia.database.conect.Statement] : 3º Parâmetro(java.lang.Integer): 0 
29/12/2017-22:17:55,425 | INFO [class br.com.sinergia.database.conect.Statement] : 4º Parâmetro(java.lang.String): MARCELOEV 
29/12/2017-22:17:55,429 | WARN [class br.com.sinergia.controllers.fxml.LoginController] : Senha digitada inválida 
29/12/2017-22:18:09,722 | INFO [class br.com.sinergia.database.conect.Statement] : ExecuteQuery: SELECT COUNT(1) FROM TSIUSU WHERE LOGIN = ? 
29/12/2017-22:18:09,724 | INFO [class br.com.sinergia.database.conect.Statement] : 1º Parâmetro(java.lang.String): MARCELOEV 
29/12/2017-22:18:09,733 | INFO [class br.com.sinergia.database.conect.Statement] : ExecuteQuery: SELECT ATIVO, CODUSU, NOME, LOGIN, SENHA, MD5(?) AS CRYPT, GET_TSIPAR_T(?, ?) AS VERSAOATUALDB FROM TSIUSU WHERE LOGIN = ? 
29/12/2017-22:18:09,733 | INFO [class br.com.sinergia.database.conect.Statement] : 1º Parâmetro(java.lang.String): (Criptografado) 
29/12/2017-22:18:09,733 | INFO [class br.com.sinergia.database.conect.Statement] : 2º Parâmetro(java.lang.String): VERSAOATUALDB 
29/12/2017-22:18:09,733 | INFO [class br.com.sinergia.database.conect.Statement] : 3º Parâmetro(java.lang.Integer): 0 
29/12/2017-22:18:09,734 | INFO [class br.com.sinergia.database.conect.Statement] : 4º Parâmetro(java.lang.String): MARCELOEV 
29/12/2017-22:18:09,771 | WARN [class br.com.sinergia.controllers.fxml.LoginController] : Tentativa de login excedida. Máquina bloqueada. 
29/12/2017-22:18:11,106 | INFO [class br.com.sinergia.database.conect.Statement] : ExecuteQuery: SELECT COUNT(1) FROM TSIUSU WHERE LOGIN = ? 
29/12/2017-22:18:11,106 | INFO [class br.com.sinergia.database.conect.Statement] : 1º Parâmetro(java.lang.String): MARCELOEV 
29/12/2017-22:18:11,107 | INFO [class br.com.sinergia.database.conect.Statement] : ExecuteQuery: SELECT ATIVO, CODUSU, NOME, LOGIN, SENHA, MD5(?) AS CRYPT, GET_TSIPAR_T(?, ?) AS VERSAOATUALDB FROM TSIUSU WHERE LOGIN = ? 
29/12/2017-22:18:11,107 | INFO [class br.com.sinergia.database.conect.Statement] : 1º Parâmetro(java.lang.String): (Criptografado) 
29/12/2017-22:18:11,107 | INFO [class br.com.sinergia.database.conect.Statement] : 2º Parâmetro(java.lang.String): VERSAOATUALDB 
29/12/2017-22:18:11,107 | INFO [class br.com.sinergia.database.conect.Statement] : 3º Parâmetro(java.lang.Integer): 0 
29/12/2017-22:18:11,107 | INFO [class br.com.sinergia.database.conect.Statement] : 4º Parâmetro(java.lang.String): MARCELOEV 
29/12/2017-22:18:11,112 | WARN [class br.com.sinergia.controllers.fxml.LoginController] : Tentativa de login excedida. Máquina bloqueada. 
29/12/2017-22:18:12,344 | INFO [class br.com.sinergia.database.conect.Statement] : ExecuteQuery: SELECT COUNT(1) FROM TSIUSU WHERE LOGIN = ? 
29/12/2017-22:18:12,344 | INFO [class br.com.sinergia.database.conect.Statement] : 1º Parâmetro(java.lang.String): MARCELOEV 
29/12/2017-22:18:12,345 | INFO [class br.com.sinergia.database.conect.Statement] : ExecuteQuery: SELECT ATIVO, CODUSU, NOME, LOGIN, SENHA, MD5(?) AS CRYPT, GET_TSIPAR_T(?, ?) AS VERSAOATUALDB FROM TSIUSU WHERE LOGIN = ? 
29/12/2017-22:18:12,345 | INFO [class br.com.sinergia.database.conect.Statement] : 1º Parâmetro(java.lang.String): (Criptografado) 
29/12/2017-22:18:12,345 | INFO [class br.com.sinergia.database.conect.Statement] : 2º Parâmetro(java.lang.String): VERSAOATUALDB 
29/12/2017-22:18:12,345 | INFO [class br.com.sinergia.database.conect.Statement] : 3º Parâmetro(java.lang.Integer): 0 
29/12/2017-22:18:12,345 | INFO [class br.com.sinergia.database.conect.Statement] : 4º Parâmetro(java.lang.String): MARCELOEV 
29/12/2017-22:18:12,349 | WARN [class br.com.sinergia.controllers.fxml.LoginController] : Tentativa de login excedida. Máquina bloqueada. 
29/12/2017-22:18:14,027 | INFO [class br.com.sinergia.database.conect.Statement] : ExecuteQuery: SELECT COUNT(1) FROM TSIUSU WHERE LOGIN = ? 
29/12/2017-22:18:14,027 | INFO [class br.com.sinergia.database.conect.Statement] : 1º Parâmetro(java.lang.String): MARCELOEV 
29/12/2017-22:18:14,028 | INFO [class br.com.sinergia.database.conect.Statement] : ExecuteQuery: SELECT ATIVO, CODUSU, NOME, LOGIN, SENHA, MD5(?) AS CRYPT, GET_TSIPAR_T(?, ?) AS VERSAOATUALDB FROM TSIUSU WHERE LOGIN = ? 
29/12/2017-22:18:14,028 | INFO [class br.com.sinergia.database.conect.Statement] : 1º Parâmetro(java.lang.String): (Criptografado) 
29/12/2017-22:18:14,028 | INFO [class br.com.sinergia.database.conect.Statement] : 2º Parâmetro(java.lang.String): VERSAOATUALDB 
29/12/2017-22:18:14,028 | INFO [class br.com.sinergia.database.conect.Statement] : 3º Parâmetro(java.lang.Integer): 0 
29/12/2017-22:18:14,029 | INFO [class br.com.sinergia.database.conect.Statement] : 4º Parâmetro(java.lang.String): MARCELOEV 
29/12/2017-22:18:14,032 | WARN [class br.com.sinergia.controllers.fxml.LoginController] : Tentativa de login excedida. Máquina bloqueada. 
29/12/2017-22:18:56,821 | INFO [class br.com.sinergia.database.conect.Statement] : ExecuteQuery: SELECT COUNT(1) FROM TSIUSU WHERE LOGIN = ? 
29/12/2017-22:18:56,823 | INFO [class br.com.sinergia.database.conect.Statement] : 1º Parâmetro(java.lang.String): MARCELOEV 
29/12/2017-22:18:56,831 | INFO [class br.com.sinergia.database.conect.Statement] : ExecuteQuery: SELECT ATIVO, CODUSU, NOME, LOGIN, SENHA, MD5(?) AS CRYPT, GET_TSIPAR_T(?, ?) AS VERSAOATUALDB FROM TSIUSU WHERE LOGIN = ? 
29/12/2017-22:18:56,831 | INFO [class br.com.sinergia.database.conect.Statement] : 1º Parâmetro(java.lang.String): (Criptografado) 
29/12/2017-22:18:56,831 | INFO [class br.com.sinergia.database.conect.Statement] : 2º Parâmetro(java.lang.String): VERSAOATUALDB 
29/12/2017-22:18:56,831 | INFO [class br.com.sinergia.database.conect.Statement] : 3º Parâmetro(java.lang.Integer): 0 
29/12/2017-22:18:56,832 | INFO [class br.com.sinergia.database.conect.Statement] : 4º Parâmetro(java.lang.String): MARCELOEV 
29/12/2017-22:18:58,091 | INFO [class br.com.sinergia.database.conect.Statement] : ExecuteQuery: SELECT COUNT(1) FROM TSIUSU WHERE LOGIN = ? 
29/12/2017-22:18:58,091 | INFO [class br.com.sinergia.database.conect.Statement] : 1º Parâmetro(java.lang.String): MARCELOEV 
29/12/2017-22:18:58,093 | INFO [class br.com.sinergia.database.conect.Statement] : ExecuteQuery: SELECT ATIVO, CODUSU, NOME, LOGIN, SENHA, MD5(?) AS CRYPT, GET_TSIPAR_T(?, ?) AS VERSAOATUALDB FROM TSIUSU WHERE LOGIN = ? 
29/12/2017-22:18:58,093 | INFO [class br.com.sinergia.database.conect.Statement] : 1º Parâmetro(java.lang.String): (Criptografado) 
29/12/2017-22:18:58,093 | INFO [class br.com.sinergia.database.conect.Statement] : 2º Parâmetro(java.lang.String): VERSAOATUALDB 
29/12/2017-22:18:58,093 | INFO [class br.com.sinergia.database.conect.Statement] : 3º Parâmetro(java.lang.Integer): 0 
29/12/2017-22:18:58,093 | INFO [class br.com.sinergia.database.conect.Statement] : 4º Parâmetro(java.lang.String): MARCELOEV 
29/12/2017-22:18:58,979 | INFO [class br.com.sinergia.database.conect.Statement] : ExecuteQuery: SELECT COUNT(1) FROM TSIUSU WHERE LOGIN = ? 
29/12/2017-22:18:58,979 | INFO [class br.com.sinergia.database.conect.Statement] : 1º Parâmetro(java.lang.String): MARCELOEV 
29/12/2017-22:18:58,980 | INFO [class br.com.sinergia.database.conect.Statement] : ExecuteQuery: SELECT ATIVO, CODUSU, NOME, LOGIN, SENHA, MD5(?) AS CRYPT, GET_TSIPAR_T(?, ?) AS VERSAOATUALDB FROM TSIUSU WHERE LOGIN = ? 
29/12/2017-22:18:58,980 | INFO [class br.com.sinergia.database.conect.Statement] : 1º Parâmetro(java.lang.String): (Criptografado) 
29/12/2017-22:18:58,980 | INFO [class br.com.sinergia.database.conect.Statement] : 2º Parâmetro(java.lang.String): VERSAOATUALDB 
29/12/2017-22:18:58,980 | INFO [class br.com.sinergia.database.conect.Statement] : 3º Parâmetro(java.lang.Integer): 0 
29/12/2017-22:18:58,980 | INFO [class br.com.sinergia.database.conect.Statement] : 4º Parâmetro(java.lang.String): MARCELOEV 
29/12/2017-22:18:59,354 | INFO [class br.com.sinergia.database.conect.Statement] : ExecuteQuery: SELECT COUNT(1) FROM TSIUSU WHERE LOGIN = ? 
29/12/2017-22:18:59,354 | INFO [class br.com.sinergia.database.conect.Statement] : 1º Parâmetro(java.lang.String): MARCELOEV 
29/12/2017-22:18:59,355 | INFO [class br.com.sinergia.database.conect.Statement] : ExecuteQuery: SELECT ATIVO, CODUSU, NOME, LOGIN, SENHA, MD5(?) AS CRYPT, GET_TSIPAR_T(?, ?) AS VERSAOATUALDB FROM TSIUSU WHERE LOGIN = ? 
29/12/2017-22:18:59,355 | INFO [class br.com.sinergia.database.conect.Statement] : 1º Parâmetro(java.lang.String): (Criptografado) 
29/12/2017-22:18:59,355 | INFO [class br.com.sinergia.database.conect.Statement] : 2º Parâmetro(java.lang.String): VERSAOATUALDB 
29/12/2017-22:18:59,355 | INFO [class br.com.sinergia.database.conect.Statement] : 3º Parâmetro(java.lang.Integer): 0 
29/12/2017-22:18:59,355 | INFO [class br.com.sinergia.database.conect.Statement] : 4º Parâmetro(java.lang.String): MARCELOEV 
29/12/2017-22:19:00,933 | INFO [class br.com.sinergia.database.conect.Statement] : ExecuteQuery: SELECT COUNT(1) FROM TSIUSU WHERE LOGIN = ? 
29/12/2017-22:19:00,933 | INFO [class br.com.sinergia.database.conect.Statement] : 1º Parâmetro(java.lang.String): MARCELOEV 
29/12/2017-22:19:00,934 | INFO [class br.com.sinergia.database.conect.Statement] : ExecuteQuery: SELECT ATIVO, CODUSU, NOME, LOGIN, SENHA, MD5(?) AS CRYPT, GET_TSIPAR_T(?, ?) AS VERSAOATUALDB FROM TSIUSU WHERE LOGIN = ? 
29/12/2017-22:19:00,934 | INFO [class br.com.sinergia.database.conect.Statement] : 1º Parâmetro(java.lang.String): (Criptografado) 
29/12/2017-22:19:00,934 | INFO [class br.com.sinergia.database.conect.Statement] : 2º Parâmetro(java.lang.String): VERSAOATUALDB 
29/12/2017-22:19:00,935 | INFO [class br.com.sinergia.database.conect.Statement] : 3º Parâmetro(java.lang.Integer): 0 
29/12/2017-22:19:00,935 | INFO [class br.com.sinergia.database.conect.Statement] : 4º Parâmetro(java.lang.String): MARCELOEV 
29/12/2017-22:19:00,959 | WARN [class br.com.sinergia.controllers.fxml.LoginController] : Tentativa de login excedida. Máquina bloqueada. 
29/12/2017-22:19:22,014 | INFO [class br.com.sinergia.database.conect.Statement] : ExecuteQuery: SELECT COUNT(1) FROM TSIUSU WHERE LOGIN = ? 
29/12/2017-22:19:22,016 | INFO [class br.com.sinergia.database.conect.Statement] : 1º Parâmetro(java.lang.String): MARCELOEV 
29/12/2017-22:19:22,025 | INFO [class br.com.sinergia.database.conect.Statement] : ExecuteQuery: SELECT ATIVO, CODUSU, NOME, LOGIN, SENHA, MD5(?) AS CRYPT, GET_TSIPAR_T(?, ?) AS VERSAOATUALDB FROM TSIUSU WHERE LOGIN = ? 
29/12/2017-22:19:22,025 | INFO [class br.com.sinergia.database.conect.Statement] : 1º Parâmetro(java.lang.String): (Criptografado) 
29/12/2017-22:19:22,025 | INFO [class br.com.sinergia.database.conect.Statement] : 2º Parâmetro(java.lang.String): VERSAOATUALDB 
29/12/2017-22:19:22,025 | INFO [class br.com.sinergia.database.conect.Statement] : 3º Parâmetro(java.lang.Integer): 0 
29/12/2017-22:19:22,026 | INFO [class br.com.sinergia.database.conect.Statement] : 4º Parâmetro(java.lang.String): MARCELOEV 
29/12/2017-22:19:22,064 | WARN [class br.com.sinergia.controllers.fxml.LoginController] : Senha digitada inválida 
29/12/2017-22:19:23,174 | INFO [class br.com.sinergia.database.conect.Statement] : ExecuteQuery: SELECT COUNT(1) FROM TSIUSU WHERE LOGIN = ? 
29/12/2017-22:19:23,174 | INFO [class br.com.sinergia.database.conect.Statement] : 1º Parâmetro(java.lang.String): MARCELOEV 
29/12/2017-22:19:23,175 | INFO [class br.com.sinergia.database.conect.Statement] : ExecuteQuery: SELECT ATIVO, CODUSU, NOME, LOGIN, SENHA, MD5(?) AS CRYPT, GET_TSIPAR_T(?, ?) AS VERSAOATUALDB FROM TSIUSU WHERE LOGIN = ? 
29/12/2017-22:19:23,175 | INFO [class br.com.sinergia.database.conect.Statement] : 1º Parâmetro(java.lang.String): (Criptografado) 
29/12/2017-22:19:23,176 | INFO [class br.com.sinergia.database.conect.Statement] : 2º Parâmetro(java.lang.String): VERSAOATUALDB 
29/12/2017-22:19:23,176 | INFO [class br.com.sinergia.database.conect.Statement] : 3º Parâmetro(java.lang.Integer): 0 
29/12/2017-22:19:23,176 | INFO [class br.com.sinergia.database.conect.Statement] : 4º Parâmetro(java.lang.String): MARCELOEV 
29/12/2017-22:19:23,180 | WARN [class br.com.sinergia.controllers.fxml.LoginController] : Senha digitada inválida 
29/12/2017-22:19:24,192 | INFO [class br.com.sinergia.database.conect.Statement] : ExecuteQuery: SELECT COUNT(1) FROM TSIUSU WHERE LOGIN = ? 
29/12/2017-22:19:24,193 | INFO [class br.com.sinergia.database.conect.Statement] : 1º Parâmetro(java.lang.String): MARCELOEV 
29/12/2017-22:19:24,193 | INFO [class br.com.sinergia.database.conect.Statement] : ExecuteQuery: SELECT ATIVO, CODUSU, NOME, LOGIN, SENHA, MD5(?) AS CRYPT, GET_TSIPAR_T(?, ?) AS VERSAOATUALDB FROM TSIUSU WHERE LOGIN = ? 
29/12/2017-22:19:24,194 | INFO [class br.com.sinergia.database.conect.Statement] : 1º Parâmetro(java.lang.String): (Criptografado) 
29/12/2017-22:19:24,194 | INFO [class br.com.sinergia.database.conect.Statement] : 2º Parâmetro(java.lang.String): VERSAOATUALDB 
29/12/2017-22:19:24,194 | INFO [class br.com.sinergia.database.conect.Statement] : 3º Parâmetro(java.lang.Integer): 0 
29/12/2017-22:19:24,194 | INFO [class br.com.sinergia.database.conect.Statement] : 4º Parâmetro(java.lang.String): MARCELOEV 
29/12/2017-22:19:24,198 | WARN [class br.com.sinergia.controllers.fxml.LoginController] : Senha digitada inválida 
29/12/2017-22:19:25,213 | INFO [class br.com.sinergia.database.conect.Statement] : ExecuteQuery: SELECT COUNT(1) FROM TSIUSU WHERE LOGIN = ? 
29/12/2017-22:19:25,214 | INFO [class br.com.sinergia.database.conect.Statement] : 1º Parâmetro(java.lang.String): MARCELOEV 
29/12/2017-22:19:25,214 | INFO [class br.com.sinergia.database.conect.Statement] : ExecuteQuery: SELECT ATIVO, CODUSU, NOME, LOGIN, SENHA, MD5(?) AS CRYPT, GET_TSIPAR_T(?, ?) AS VERSAOATUALDB FROM TSIUSU WHERE LOGIN = ? 
29/12/2017-22:19:25,215 | INFO [class br.com.sinergia.database.conect.Statement] : 1º Parâmetro(java.lang.String): (Criptografado) 
29/12/2017-22:19:25,215 | INFO [class br.com.sinergia.database.conect.Statement] : 2º Parâmetro(java.lang.String): VERSAOATUALDB 
29/12/2017-22:19:25,215 | INFO [class br.com.sinergia.database.conect.Statement] : 3º Parâmetro(java.lang.Integer): 0 
29/12/2017-22:19:25,215 | INFO [class br.com.sinergia.database.conect.Statement] : 4º Parâmetro(java.lang.String): MARCELOEV 
29/12/2017-22:19:25,219 | WARN [class br.com.sinergia.controllers.fxml.LoginController] : Tentativa de login excedida. Máquina bloqueada. 
29/12/2017-22:19:26,793 | INFO [class br.com.sinergia.database.conect.Statement] : ExecuteQuery: SELECT COUNT(1) FROM TSIUSU WHERE LOGIN = ? 
29/12/2017-22:19:26,793 | INFO [class br.com.sinergia.database.conect.Statement] : 1º Parâmetro(java.lang.String): MARCELOEV 
29/12/2017-22:19:26,794 | INFO [class br.com.sinergia.database.conect.Statement] : ExecuteQuery: SELECT ATIVO, CODUSU, NOME, LOGIN, SENHA, MD5(?) AS CRYPT, GET_TSIPAR_T(?, ?) AS VERSAOATUALDB FROM TSIUSU WHERE LOGIN = ? 
29/12/2017-22:19:26,794 | INFO [class br.com.sinergia.database.conect.Statement] : 1º Parâmetro(java.lang.String): (Criptografado) 
29/12/2017-22:19:26,794 | INFO [class br.com.sinergia.database.conect.Statement] : 2º Parâmetro(java.lang.String): VERSAOATUALDB 
29/12/2017-22:19:26,794 | INFO [class br.com.sinergia.database.conect.Statement] : 3º Parâmetro(java.lang.Integer): 0 
29/12/2017-22:19:26,794 | INFO [class br.com.sinergia.database.conect.Statement] : 4º Parâmetro(java.lang.String): MARCELOEV 
29/12/2017-22:19:26,798 | WARN [class br.com.sinergia.controllers.fxml.LoginController] : Tentativa de login excedida. Máquina bloqueada. 
29/12/2017-22:19:27,926 | INFO [class br.com.sinergia.database.conect.Statement] : ExecuteQuery: SELECT COUNT(1) FROM TSIUSU WHERE LOGIN = ? 
29/12/2017-22:19:27,927 | INFO [class br.com.sinergia.database.conect.Statement] : 1º Parâmetro(java.lang.String): MARCELOEV 
29/12/2017-22:19:27,927 | INFO [class br.com.sinergia.database.conect.Statement] : ExecuteQuery: SELECT ATIVO, CODUSU, NOME, LOGIN, SENHA, MD5(?) AS CRYPT, GET_TSIPAR_T(?, ?) AS VERSAOATUALDB FROM TSIUSU WHERE LOGIN = ? 
29/12/2017-22:19:27,928 | INFO [class br.com.sinergia.database.conect.Statement] : 1º Parâmetro(java.lang.String): (Criptografado) 
29/12/2017-22:19:27,928 | INFO [class br.com.sinergia.database.conect.Statement] : 2º Parâmetro(java.lang.String): VERSAOATUALDB 
29/12/2017-22:19:27,928 | INFO [class br.com.sinergia.database.conect.Statement] : 3º Parâmetro(java.lang.Integer): 0 
29/12/2017-22:19:27,928 | INFO [class br.com.sinergia.database.conect.Statement] : 4º Parâmetro(java.lang.String): MARCELOEV 
29/12/2017-22:19:27,931 | WARN [class br.com.sinergia.controllers.fxml.LoginController] : Tentativa de login excedida. Máquina bloqueada. 
29/12/2017-22:21:41,343 | WARN [class br.com.sinergia.controllers.fxml.LoginController] : Senha não pode ser vazia 
29/12/2017-22:21:42,271 | WARN [class br.com.sinergia.controllers.fxml.LoginController] : Senha não pode ser vazia 
29/12/2017-22:21:47,061 | INFO [class br.com.sinergia.database.conect.Statement] : ExecuteQuery: SELECT COUNT(1) FROM TSIUSU WHERE LOGIN = ? 
29/12/2017-22:21:47,061 | INFO [class br.com.sinergia.database.conect.Statement] : 1º Parâmetro(java.lang.String): MARCELOEV 
29/12/2017-22:21:47,070 | INFO [class br.com.sinergia.database.conect.Statement] : ExecuteQuery: SELECT ATIVO, CODUSU, NOME, LOGIN, SENHA, MD5(?) AS CRYPT, GET_TSIPAR_T(?, ?) AS VERSAOATUALDB FROM TSIUSU WHERE LOGIN = ? 
29/12/2017-22:21:47,070 | INFO [class br.com.sinergia.database.conect.Statement] : 1º Parâmetro(java.lang.String): (Criptografado) 
29/12/2017-22:21:47,070 | INFO [class br.com.sinergia.database.conect.Statement] : 2º Parâmetro(java.lang.String): VERSAOATUALDB 
29/12/2017-22:21:47,071 | INFO [class br.com.sinergia.database.conect.Statement] : 3º Parâmetro(java.lang.Integer): 0 
29/12/2017-22:21:47,071 | INFO [class br.com.sinergia.database.conect.Statement] : 4º Parâmetro(java.lang.String): MARCELOEV 
29/12/2017-22:21:47,079 | WARN [class br.com.sinergia.controllers.fxml.LoginController] : Senha digitada inválida 
29/12/2017-22:21:49,983 | INFO [class br.com.sinergia.database.conect.Statement] : ExecuteQuery: SELECT COUNT(1) FROM TSIUSU WHERE LOGIN = ? 
29/12/2017-22:21:49,983 | INFO [class br.com.sinergia.database.conect.Statement] : 1º Parâmetro(java.lang.String): MARCELOEV 
29/12/2017-22:21:49,984 | INFO [class br.com.sinergia.database.conect.Statement] : ExecuteQuery: SELECT ATIVO, CODUSU, NOME, LOGIN, SENHA, MD5(?) AS CRYPT, GET_TSIPAR_T(?, ?) AS VERSAOATUALDB FROM TSIUSU WHERE LOGIN = ? 
29/12/2017-22:21:49,984 | INFO [class br.com.sinergia.database.conect.Statement] : 1º Parâmetro(java.lang.String): (Criptografado) 
29/12/2017-22:21:49,984 | INFO [class br.com.sinergia.database.conect.Statement] : 2º Parâmetro(java.lang.String): VERSAOATUALDB 
29/12/2017-22:21:49,984 | INFO [class br.com.sinergia.database.conect.Statement] : 3º Parâmetro(java.lang.Integer): 0 
29/12/2017-22:21:49,984 | INFO [class br.com.sinergia.database.conect.Statement] : 4º Parâmetro(java.lang.String): MARCELOEV 
