05/01/2018-13:52:23,468 | INFO [class br.com.sinergia.database.conect.Statement] : ExecuteQuery: SELECT COUNT(1) FROM TSIUSU WHERE LOGIN = ? 
05/01/2018-13:52:23,749 | INFO [class br.com.sinergia.database.conect.Statement] : 1º Parâmetro(java.lang.String): MARCELOEV 
05/01/2018-13:52:23,852 | INFO [class br.com.sinergia.database.conect.Statement] : ExecuteQuery: SELECT USU.ATIVO, USU.CODUSU, USU.NOME, USU.LOGIN, USU.FOTO, USU.PERFIL, USU.SENHA, MD5(?) AS CRYPT,
GET_TSIPAR_T(?, ?) AS VERSAOATUALDB, EMP.CODEMP, EMP.RAZAOSOCIAL, EMP.NOMEFANTASIA, EMP.CNPJ FROM TSIUSU USU
INNER JOIN TSIEMP EMP
ON (USU.CODEMP = EMP.CODEMP)WHERE USU.LOGIN = ? 
05/01/2018-13:52:23,854 | INFO [class br.com.sinergia.database.conect.Statement] : 1º Parâmetro(java.lang.String): (Criptografado) 
05/01/2018-13:52:23,854 | INFO [class br.com.sinergia.database.conect.Statement] : 2º Parâmetro(java.lang.String): VERSAOATUALDB 
05/01/2018-13:52:23,854 | INFO [class br.com.sinergia.database.conect.Statement] : 3º Parâmetro(java.lang.Integer): 0 
05/01/2018-13:52:23,854 | INFO [class br.com.sinergia.database.conect.Statement] : 4º Parâmetro(java.lang.String): MARCELOEV 
05/01/2018-13:52:24,117 | WARN [class br.com.sinergia.controllers.fxml.LoginController] : Senha digitada inválida 
05/01/2018-13:52:30,089 | INFO [class br.com.sinergia.database.conect.Statement] : ExecuteQuery: SELECT COUNT(1) FROM TSIUSU WHERE LOGIN = ? 
05/01/2018-13:52:30,089 | INFO [class br.com.sinergia.database.conect.Statement] : 1º Parâmetro(java.lang.String): MARCELOEV 
05/01/2018-13:52:30,091 | INFO [class br.com.sinergia.database.conect.Statement] : ExecuteQuery: SELECT USU.ATIVO, USU.CODUSU, USU.NOME, USU.LOGIN, USU.FOTO, USU.PERFIL, USU.SENHA, MD5(?) AS CRYPT,
GET_TSIPAR_T(?, ?) AS VERSAOATUALDB, EMP.CODEMP, EMP.RAZAOSOCIAL, EMP.NOMEFANTASIA, EMP.CNPJ FROM TSIUSU USU
INNER JOIN TSIEMP EMP
ON (USU.CODEMP = EMP.CODEMP)WHERE USU.LOGIN = ? 
05/01/2018-13:52:30,091 | INFO [class br.com.sinergia.database.conect.Statement] : 1º Parâmetro(java.lang.String): (Criptografado) 
05/01/2018-13:52:30,092 | INFO [class br.com.sinergia.database.conect.Statement] : 2º Parâmetro(java.lang.String): VERSAOATUALDB 
05/01/2018-13:52:30,092 | INFO [class br.com.sinergia.database.conect.Statement] : 3º Parâmetro(java.lang.Integer): 0 
05/01/2018-13:52:30,092 | INFO [class br.com.sinergia.database.conect.Statement] : 4º Parâmetro(java.lang.String): MARCELOEV 
05/01/2018-13:52:30,211 | WARN [class br.com.sinergia.controllers.fxml.LoginController] : Senha digitada inválida 
05/01/2018-13:52:40,652 | INFO [class br.com.sinergia.database.conect.Statement] : ExecuteQuery: SELECT COUNT(1) FROM TSIUSU WHERE LOGIN = ? 
05/01/2018-13:52:40,652 | INFO [class br.com.sinergia.database.conect.Statement] : 1º Parâmetro(java.lang.String): MARCELOEV 
05/01/2018-13:52:40,653 | INFO [class br.com.sinergia.database.conect.Statement] : ExecuteQuery: SELECT USU.ATIVO, USU.CODUSU, USU.NOME, USU.LOGIN, USU.FOTO, USU.PERFIL, USU.SENHA, MD5(?) AS CRYPT,
GET_TSIPAR_T(?, ?) AS VERSAOATUALDB, EMP.CODEMP, EMP.RAZAOSOCIAL, EMP.NOMEFANTASIA, EMP.CNPJ FROM TSIUSU USU
INNER JOIN TSIEMP EMP
ON (USU.CODEMP = EMP.CODEMP)WHERE USU.LOGIN = ? 
05/01/2018-13:52:40,654 | INFO [class br.com.sinergia.database.conect.Statement] : 1º Parâmetro(java.lang.String): (Criptografado) 
05/01/2018-13:52:40,654 | INFO [class br.com.sinergia.database.conect.Statement] : 2º Parâmetro(java.lang.String): VERSAOATUALDB 
05/01/2018-13:52:40,654 | INFO [class br.com.sinergia.database.conect.Statement] : 3º Parâmetro(java.lang.Integer): 0 
05/01/2018-13:52:40,654 | INFO [class br.com.sinergia.database.conect.Statement] : 4º Parâmetro(java.lang.String): MARCELOEV 
05/01/2018-13:52:40,728 | WARN [class br.com.sinergia.controllers.fxml.LoginController] : Senha digitada inválida 
05/01/2018-13:52:49,188 | INFO [class br.com.sinergia.database.conect.Statement] : ExecuteQuery: SELECT COUNT(1) FROM TSIUSU WHERE LOGIN = ? 
05/01/2018-13:52:49,188 | INFO [class br.com.sinergia.database.conect.Statement] : 1º Parâmetro(java.lang.String): MARCELOEV 
05/01/2018-13:52:49,190 | INFO [class br.com.sinergia.database.conect.Statement] : ExecuteQuery: SELECT USU.ATIVO, USU.CODUSU, USU.NOME, USU.LOGIN, USU.FOTO, USU.PERFIL, USU.SENHA, MD5(?) AS CRYPT,
GET_TSIPAR_T(?, ?) AS VERSAOATUALDB, EMP.CODEMP, EMP.RAZAOSOCIAL, EMP.NOMEFANTASIA, EMP.CNPJ FROM TSIUSU USU
INNER JOIN TSIEMP EMP
ON (USU.CODEMP = EMP.CODEMP)WHERE USU.LOGIN = ? 
05/01/2018-13:52:49,190 | INFO [class br.com.sinergia.database.conect.Statement] : 1º Parâmetro(java.lang.String): (Criptografado) 
05/01/2018-13:52:49,190 | INFO [class br.com.sinergia.database.conect.Statement] : 2º Parâmetro(java.lang.String): VERSAOATUALDB 
05/01/2018-13:52:49,191 | INFO [class br.com.sinergia.database.conect.Statement] : 3º Parâmetro(java.lang.Integer): 0 
05/01/2018-13:52:49,191 | INFO [class br.com.sinergia.database.conect.Statement] : 4º Parâmetro(java.lang.String): MARCELOEV 
05/01/2018-13:52:49,311 | WARN [class br.com.sinergia.controllers.fxml.LoginController] : Tentativa de login excedida. Máquina bloqueada. 
05/01/2018-13:55:00,126 | INFO [class br.com.sinergia.database.conect.Statement] : ExecuteQuery: SELECT COUNT(1) FROM TSIUSU WHERE LOGIN = ? 
05/01/2018-13:55:00,284 | INFO [class br.com.sinergia.database.conect.Statement] : 1º Parâmetro(java.lang.String): MARCELOEV 
05/01/2018-13:55:00,365 | INFO [class br.com.sinergia.database.conect.Statement] : ExecuteQuery: SELECT USU.ATIVO, USU.CODUSU, USU.NOME, USU.LOGIN, USU.FOTO, USU.PERFIL, USU.SENHA, MD5(?) AS CRYPT,
GET_TSIPAR_T(?, ?) AS VERSAOATUALDB, EMP.CODEMP, EMP.RAZAOSOCIAL, EMP.NOMEFANTASIA, EMP.CNPJ FROM TSIUSU USU
INNER JOIN TSIEMP EMP
ON (USU.CODEMP = EMP.CODEMP)WHERE USU.LOGIN = ? 
05/01/2018-13:55:00,368 | INFO [class br.com.sinergia.database.conect.Statement] : 1º Parâmetro(java.lang.String): (Criptografado) 
05/01/2018-13:55:00,368 | INFO [class br.com.sinergia.database.conect.Statement] : 2º Parâmetro(java.lang.String): VERSAOATUALDB 
05/01/2018-13:55:00,368 | INFO [class br.com.sinergia.database.conect.Statement] : 3º Parâmetro(java.lang.Integer): 0 
05/01/2018-13:55:00,368 | INFO [class br.com.sinergia.database.conect.Statement] : 4º Parâmetro(java.lang.String): MARCELOEV 
05/01/2018-13:55:00,472 | WARN [class br.com.sinergia.controllers.fxml.LoginController] : Senha digitada inválida 
05/01/2018-13:55:04,141 | INFO [class br.com.sinergia.database.conect.Statement] : ExecuteQuery: SELECT COUNT(1) FROM TSIUSU WHERE LOGIN = ? 
05/01/2018-13:55:04,141 | INFO [class br.com.sinergia.database.conect.Statement] : 1º Parâmetro(java.lang.String): MARCELOEV 
05/01/2018-13:55:04,142 | INFO [class br.com.sinergia.database.conect.Statement] : ExecuteQuery: SELECT USU.ATIVO, USU.CODUSU, USU.NOME, USU.LOGIN, USU.FOTO, USU.PERFIL, USU.SENHA, MD5(?) AS CRYPT,
GET_TSIPAR_T(?, ?) AS VERSAOATUALDB, EMP.CODEMP, EMP.RAZAOSOCIAL, EMP.NOMEFANTASIA, EMP.CNPJ FROM TSIUSU USU
INNER JOIN TSIEMP EMP
ON (USU.CODEMP = EMP.CODEMP)WHERE USU.LOGIN = ? 
05/01/2018-13:55:04,143 | INFO [class br.com.sinergia.database.conect.Statement] : 1º Parâmetro(java.lang.String): (Criptografado) 
05/01/2018-13:55:04,143 | INFO [class br.com.sinergia.database.conect.Statement] : 2º Parâmetro(java.lang.String): VERSAOATUALDB 
05/01/2018-13:55:04,143 | INFO [class br.com.sinergia.database.conect.Statement] : 3º Parâmetro(java.lang.Integer): 0 
05/01/2018-13:55:04,143 | INFO [class br.com.sinergia.database.conect.Statement] : 4º Parâmetro(java.lang.String): MARCELOEV 
05/01/2018-13:55:04,265 | INFO [class br.com.sinergia.database.conect.Statement] : ExecuteQuery: SELECT GET_CODSESSAO(?) AS SESSAO FROM DUAL 
05/01/2018-13:55:04,266 | INFO [class br.com.sinergia.database.conect.Statement] : 1º Parâmetro(java.lang.Integer): 1 
05/01/2018-13:55:04,267 | INFO [class br.com.sinergia.database.conect.Statement] : ExecuteQuery: INSERT INTO TSISES
(CODSESSAO, CODUSU, DHLOGIN, IPMAQ, NOMEMAQ, VERSAOEXEC)
VALUES
(?, ?, ?, ?, ?, ?) 
05/01/2018-13:55:04,268 | INFO [class br.com.sinergia.database.conect.Statement] : 1º Parâmetro(java.lang.Integer): 17 
05/01/2018-13:55:04,268 | INFO [class br.com.sinergia.database.conect.Statement] : 2º Parâmetro(java.lang.Integer): 1 
05/01/2018-13:55:04,268 | INFO [class br.com.sinergia.database.conect.Statement] : 3º Parâmetro(java.sql.Timestamp): 2018-01-05 13:55:04.268 
05/01/2018-13:55:04,268 | INFO [class br.com.sinergia.database.conect.Statement] : 4º Parâmetro(java.lang.String): 192.168.12.172 
05/01/2018-13:55:04,269 | INFO [class br.com.sinergia.database.conect.Statement] : 5º Parâmetro(java.lang.String): Marcelo-NTB 
05/01/2018-13:55:04,269 | INFO [class br.com.sinergia.database.conect.Statement] : 6º Parâmetro(java.lang.String): 1.0.0 
05/01/2018-13:55:06,998 | INFO [class br.com.sinergia.database.conect.Statement] : ExecuteQuery: SELECT TELA, CASE WHEN VISUALIZA = 'S' THEN 'S' ELSE 'N' END AS ACESSO
FROM TSIPER
WHERE TELA IN (?,?,?)
AND PERFIL = ? 
05/01/2018-13:55:06,999 | INFO [class br.com.sinergia.database.conect.Statement] : 1º Parâmetro(java.util.ArrayList): [Cadastro de Usuários, Controle de Acessos, Controle de Lembretes] 
05/01/2018-13:55:06,999 | INFO [class br.com.sinergia.database.conect.Statement] : 1º Parâmetro(java.lang.String): Cadastro de Usuários 
05/01/2018-13:55:06,999 | INFO [class br.com.sinergia.database.conect.Statement] : 2º Parâmetro(java.lang.String): Controle de Acessos 
05/01/2018-13:55:06,999 | INFO [class br.com.sinergia.database.conect.Statement] : 3º Parâmetro(java.lang.String): Controle de Lembretes 
05/01/2018-13:55:06,999 | INFO [class br.com.sinergia.database.conect.Statement] : 4º Parâmetro(java.lang.Integer): 0 
05/01/2018-13:55:07,034 | INFO [class br.com.sinergia.database.conect.Statement] : ExecuteQuery: SELECT TELA, CASE WHEN VISUALIZA = 'S' THEN 'S' ELSE 'N' END AS ACESSO
FROM TSIPER
WHERE TELA IN (?,?,?,?,?)
AND PERFIL = ? 
05/01/2018-13:55:07,034 | INFO [class br.com.sinergia.database.conect.Statement] : 1º Parâmetro(java.util.ArrayList): [Empresas, Parceiros, Operações, Parâmetros, ConsultaDB] 
05/01/2018-13:55:07,035 | INFO [class br.com.sinergia.database.conect.Statement] : 1º Parâmetro(java.lang.String): Empresas 
05/01/2018-13:55:07,035 | INFO [class br.com.sinergia.database.conect.Statement] : 2º Parâmetro(java.lang.String): Parceiros 
05/01/2018-13:55:07,035 | INFO [class br.com.sinergia.database.conect.Statement] : 3º Parâmetro(java.lang.String): Operações 
05/01/2018-13:55:07,035 | INFO [class br.com.sinergia.database.conect.Statement] : 4º Parâmetro(java.lang.String): Parâmetros 
05/01/2018-13:55:07,035 | INFO [class br.com.sinergia.database.conect.Statement] : 5º Parâmetro(java.lang.String): ConsultaDB 
05/01/2018-13:55:07,035 | INFO [class br.com.sinergia.database.conect.Statement] : 6º Parâmetro(java.lang.Integer): 0 
05/01/2018-13:55:07,066 | INFO [class br.com.sinergia.database.conect.Statement] : ExecuteQuery: SELECT TELA, CASE WHEN VISUALIZA = 'S' THEN 'S' ELSE 'N' END AS ACESSO
FROM TSIPER
WHERE TELA IN (?,?,?,?,?,?,?,?,?)
AND PERFIL = ? 
05/01/2018-13:55:07,066 | INFO [class br.com.sinergia.database.conect.Statement] : 1º Parâmetro(java.util.ArrayList): [Produtos, Serviços, Grupo de Produtos, Unidades, Contas, Agências, Bancos, Transportes, Moedas] 
05/01/2018-13:55:07,066 | INFO [class br.com.sinergia.database.conect.Statement] : 1º Parâmetro(java.lang.String): Produtos 
05/01/2018-13:55:07,066 | INFO [class br.com.sinergia.database.conect.Statement] : 2º Parâmetro(java.lang.String): Serviços 
05/01/2018-13:55:07,066 | INFO [class br.com.sinergia.database.conect.Statement] : 3º Parâmetro(java.lang.String): Grupo de Produtos 
05/01/2018-13:55:07,066 | INFO [class br.com.sinergia.database.conect.Statement] : 4º Parâmetro(java.lang.String): Unidades 
05/01/2018-13:55:07,067 | INFO [class br.com.sinergia.database.conect.Statement] : 5º Parâmetro(java.lang.String): Contas 
05/01/2018-13:55:07,067 | INFO [class br.com.sinergia.database.conect.Statement] : 6º Parâmetro(java.lang.String): Agências 
05/01/2018-13:55:07,067 | INFO [class br.com.sinergia.database.conect.Statement] : 7º Parâmetro(java.lang.String): Bancos 
05/01/2018-13:55:07,067 | INFO [class br.com.sinergia.database.conect.Statement] : 8º Parâmetro(java.lang.String): Transportes 
05/01/2018-13:55:07,067 | INFO [class br.com.sinergia.database.conect.Statement] : 9º Parâmetro(java.lang.String): Moedas 
05/01/2018-13:55:07,067 | INFO [class br.com.sinergia.database.conect.Statement] : 10º Parâmetro(java.lang.Integer): 0 
05/01/2018-13:55:07,089 | INFO [class br.com.sinergia.database.conect.Statement] : ExecuteQuery: SELECT TELA, CASE WHEN VISUALIZA = 'S' THEN 'S' ELSE 'N' END AS ACESSO
FROM TSIPER
WHERE TELA IN (?,?,?,?,?)
AND PERFIL = ? 
05/01/2018-13:55:07,089 | INFO [class br.com.sinergia.database.conect.Statement] : 1º Parâmetro(java.util.ArrayList): [Países, Estados, Cidades, Bairros, Logradouros] 
05/01/2018-13:55:07,089 | INFO [class br.com.sinergia.database.conect.Statement] : 1º Parâmetro(java.lang.String): Países 
05/01/2018-13:55:07,089 | INFO [class br.com.sinergia.database.conect.Statement] : 2º Parâmetro(java.lang.String): Estados 
05/01/2018-13:55:07,089 | INFO [class br.com.sinergia.database.conect.Statement] : 3º Parâmetro(java.lang.String): Cidades 
05/01/2018-13:55:07,089 | INFO [class br.com.sinergia.database.conect.Statement] : 4º Parâmetro(java.lang.String): Bairros 
05/01/2018-13:55:07,089 | INFO [class br.com.sinergia.database.conect.Statement] : 5º Parâmetro(java.lang.String): Logradouros 
05/01/2018-13:55:07,089 | INFO [class br.com.sinergia.database.conect.Statement] : 6º Parâmetro(java.lang.Integer): 0 
05/01/2018-13:55:07,112 | INFO [class br.com.sinergia.database.conect.Statement] : ExecuteQuery: SELECT TELA, CASE WHEN VISUALIZA = 'S' THEN 'S' ELSE 'N' END AS ACESSO
FROM TSIPER
WHERE TELA IN (?,?,?,?,?,?)
AND PERFIL = ? 
05/01/2018-13:55:07,112 | INFO [class br.com.sinergia.database.conect.Statement] : 1º Parâmetro(java.util.ArrayList): [Portal de Compras, Portal de Vendas, Mov. Internas, Tabela de Preços, Preços de Moedas, Controle de Estoque] 
05/01/2018-13:55:07,112 | INFO [class br.com.sinergia.database.conect.Statement] : 1º Parâmetro(java.lang.String): Portal de Compras 
05/01/2018-13:55:07,112 | INFO [class br.com.sinergia.database.conect.Statement] : 2º Parâmetro(java.lang.String): Portal de Vendas 
05/01/2018-13:55:07,112 | INFO [class br.com.sinergia.database.conect.Statement] : 3º Parâmetro(java.lang.String): Mov. Internas 
05/01/2018-13:55:07,112 | INFO [class br.com.sinergia.database.conect.Statement] : 4º Parâmetro(java.lang.String): Tabela de Preços 
05/01/2018-13:55:07,112 | INFO [class br.com.sinergia.database.conect.Statement] : 5º Parâmetro(java.lang.String): Preços de Moedas 
05/01/2018-13:55:07,113 | INFO [class br.com.sinergia.database.conect.Statement] : 6º Parâmetro(java.lang.String): Controle de Estoque 
05/01/2018-13:55:07,113 | INFO [class br.com.sinergia.database.conect.Statement] : 7º Parâmetro(java.lang.Integer): 0 
05/01/2018-13:55:07,133 | INFO [class br.com.sinergia.database.conect.Statement] : ExecuteQuery: SELECT TELA, CASE WHEN VISUALIZA = 'S' THEN 'S' ELSE 'N' END AS ACESSO
FROM TSIPER
WHERE TELA IN (?,?,?,?)
AND PERFIL = ? 
05/01/2018-13:55:07,134 | INFO [class br.com.sinergia.database.conect.Statement] : 1º Parâmetro(java.util.ArrayList): [Mov. Financeira, Mov. Bancária, Saldo de Contas, Transferências] 
05/01/2018-13:55:07,134 | INFO [class br.com.sinergia.database.conect.Statement] : 1º Parâmetro(java.lang.String): Mov. Financeira 
05/01/2018-13:55:07,134 | INFO [class br.com.sinergia.database.conect.Statement] : 2º Parâmetro(java.lang.String): Mov. Bancária 
05/01/2018-13:55:07,134 | INFO [class br.com.sinergia.database.conect.Statement] : 3º Parâmetro(java.lang.String): Saldo de Contas 
05/01/2018-13:55:07,134 | INFO [class br.com.sinergia.database.conect.Statement] : 4º Parâmetro(java.lang.String): Transferências 
05/01/2018-13:55:07,134 | INFO [class br.com.sinergia.database.conect.Statement] : 5º Parâmetro(java.lang.Integer): 0 
05/01/2018-13:55:07,159 | INFO [class br.com.sinergia.database.conect.Statement] : ExecuteQuery: SELECT LISTA FROM TSIARQ
WHERE CODUSU = ?
AND ARQUIVO = ? 
05/01/2018-13:55:07,177 | INFO [class br.com.sinergia.database.conect.Statement] : 1º Parâmetro(java.lang.Integer): 1 
05/01/2018-13:55:07,177 | INFO [class br.com.sinergia.database.conect.Statement] : 2º Parâmetro(java.lang.String): Lista de Telas(Favoritas) 
05/01/2018-13:55:07,234 | INFO [class br.com.sinergia.database.conect.Statement] : ExecuteQuery: SELECT TELA
FROM (SELECT MAX(CODREG), TELA
FROM TSIREG
WHERE CODUSU = ?
GROUP BY TELA
ORDER BY 1 DESC)
WHERE ROWNUM <= 10 
05/01/2018-13:55:07,234 | INFO [class br.com.sinergia.database.conect.Statement] : 1º Parâmetro(java.lang.Integer): 1 
05/01/2018-13:55:07,320 | INFO [class br.com.sinergia.database.conect.Statement] : ExecuteQuery: SELECT DHALTER, LEMBRETE FROM TGFLEM WHERE CODUSU = ? 
05/01/2018-13:55:07,321 | INFO [class br.com.sinergia.database.conect.Statement] : 1º Parâmetro(java.lang.Integer): 1 
05/01/2018-13:58:47,407 | WARN [class br.com.sinergia.functions.modules.CtrlSenhaUsu] : Nova senha e confirmação de senha divergentes 
05/01/2018-13:59:14,831 | INFO [class br.com.sinergia.database.conect.Statement] : ExecuteQuery: SELECT COUNT(1) FROM TSIUSU WHERE LOGIN = ? 
05/01/2018-13:59:14,981 | INFO [class br.com.sinergia.database.conect.Statement] : 1º Parâmetro(java.lang.String): MARCELOEV 
05/01/2018-13:59:15,078 | INFO [class br.com.sinergia.database.conect.Statement] : ExecuteQuery: SELECT USU.ATIVO, USU.CODUSU, USU.NOME, USU.LOGIN, USU.FOTO, USU.PERFIL, USU.SENHA, MD5(?) AS CRYPT,
GET_TSIPAR_T(?, ?) AS VERSAOATUALDB, EMP.CODEMP, EMP.RAZAOSOCIAL, EMP.NOMEFANTASIA, EMP.CNPJ FROM TSIUSU USU
INNER JOIN TSIEMP EMP
ON (USU.CODEMP = EMP.CODEMP)WHERE USU.LOGIN = ? 
05/01/2018-13:59:15,078 | INFO [class br.com.sinergia.database.conect.Statement] : 1º Parâmetro(java.lang.String): (Criptografado) 
05/01/2018-13:59:15,078 | INFO [class br.com.sinergia.database.conect.Statement] : 2º Parâmetro(java.lang.String): VERSAOATUALDB 
05/01/2018-13:59:15,079 | INFO [class br.com.sinergia.database.conect.Statement] : 3º Parâmetro(java.lang.Integer): 0 
05/01/2018-13:59:15,079 | INFO [class br.com.sinergia.database.conect.Statement] : 4º Parâmetro(java.lang.String): MARCELOEV 
05/01/2018-13:59:15,281 | INFO [class br.com.sinergia.database.conect.Statement] : ExecuteQuery: SELECT GET_CODSESSAO(?) AS SESSAO FROM DUAL 
05/01/2018-13:59:15,281 | INFO [class br.com.sinergia.database.conect.Statement] : 1º Parâmetro(java.lang.Integer): 1 
05/01/2018-13:59:15,283 | INFO [class br.com.sinergia.database.conect.Statement] : ExecuteQuery: INSERT INTO TSISES
(CODSESSAO, CODUSU, DHLOGIN, IPMAQ, NOMEMAQ, VERSAOEXEC)
VALUES
(?, ?, ?, ?, ?, ?) 
05/01/2018-13:59:15,283 | INFO [class br.com.sinergia.database.conect.Statement] : 1º Parâmetro(java.lang.Integer): 18 
05/01/2018-13:59:15,283 | INFO [class br.com.sinergia.database.conect.Statement] : 2º Parâmetro(java.lang.Integer): 1 
05/01/2018-13:59:15,283 | INFO [class br.com.sinergia.database.conect.Statement] : 3º Parâmetro(java.sql.Timestamp): 2018-01-05 13:59:15.283 
05/01/2018-13:59:15,283 | INFO [class br.com.sinergia.database.conect.Statement] : 4º Parâmetro(java.lang.String): 192.168.12.172 
05/01/2018-13:59:15,283 | INFO [class br.com.sinergia.database.conect.Statement] : 5º Parâmetro(java.lang.String): Marcelo-NTB 
05/01/2018-13:59:15,284 | INFO [class br.com.sinergia.database.conect.Statement] : 6º Parâmetro(java.lang.String): 1.0.0 
05/01/2018-13:59:15,615 | INFO [class br.com.sinergia.database.conect.Statement] : ExecuteQuery: SELECT TELA, CASE WHEN VISUALIZA = 'S' THEN 'S' ELSE 'N' END AS ACESSO
FROM TSIPER
WHERE TELA IN (?,?,?)
AND PERFIL = ? 
05/01/2018-13:59:15,615 | INFO [class br.com.sinergia.database.conect.Statement] : 1º Parâmetro(java.util.ArrayList): [Cadastro de Usuários, Controle de Acessos, Controle de Lembretes] 
05/01/2018-13:59:15,615 | INFO [class br.com.sinergia.database.conect.Statement] : 1º Parâmetro(java.lang.String): Cadastro de Usuários 
05/01/2018-13:59:15,615 | INFO [class br.com.sinergia.database.conect.Statement] : 2º Parâmetro(java.lang.String): Controle de Acessos 
05/01/2018-13:59:15,615 | INFO [class br.com.sinergia.database.conect.Statement] : 3º Parâmetro(java.lang.String): Controle de Lembretes 
05/01/2018-13:59:15,615 | INFO [class br.com.sinergia.database.conect.Statement] : 4º Parâmetro(java.lang.Integer): 0 
05/01/2018-13:59:15,646 | INFO [class br.com.sinergia.database.conect.Statement] : ExecuteQuery: SELECT TELA, CASE WHEN VISUALIZA = 'S' THEN 'S' ELSE 'N' END AS ACESSO
FROM TSIPER
WHERE TELA IN (?,?,?,?,?)
AND PERFIL = ? 
05/01/2018-13:59:15,646 | INFO [class br.com.sinergia.database.conect.Statement] : 1º Parâmetro(java.util.ArrayList): [Empresas, Parceiros, Operações, Parâmetros, ConsultaDB] 
05/01/2018-13:59:15,646 | INFO [class br.com.sinergia.database.conect.Statement] : 1º Parâmetro(java.lang.String): Empresas 
05/01/2018-13:59:15,647 | INFO [class br.com.sinergia.database.conect.Statement] : 2º Parâmetro(java.lang.String): Parceiros 
05/01/2018-13:59:15,647 | INFO [class br.com.sinergia.database.conect.Statement] : 3º Parâmetro(java.lang.String): Operações 
05/01/2018-13:59:15,647 | INFO [class br.com.sinergia.database.conect.Statement] : 4º Parâmetro(java.lang.String): Parâmetros 
05/01/2018-13:59:15,647 | INFO [class br.com.sinergia.database.conect.Statement] : 5º Parâmetro(java.lang.String): ConsultaDB 
05/01/2018-13:59:15,647 | INFO [class br.com.sinergia.database.conect.Statement] : 6º Parâmetro(java.lang.Integer): 0 
05/01/2018-13:59:15,679 | INFO [class br.com.sinergia.database.conect.Statement] : ExecuteQuery: SELECT TELA, CASE WHEN VISUALIZA = 'S' THEN 'S' ELSE 'N' END AS ACESSO
FROM TSIPER
WHERE TELA IN (?,?,?,?,?,?,?,?,?)
AND PERFIL = ? 
05/01/2018-13:59:15,680 | INFO [class br.com.sinergia.database.conect.Statement] : 1º Parâmetro(java.util.ArrayList): [Produtos, Serviços, Grupo de Produtos, Unidades, Contas, Agências, Bancos, Transportes, Moedas] 
05/01/2018-13:59:15,680 | INFO [class br.com.sinergia.database.conect.Statement] : 1º Parâmetro(java.lang.String): Produtos 
05/01/2018-13:59:15,680 | INFO [class br.com.sinergia.database.conect.Statement] : 2º Parâmetro(java.lang.String): Serviços 
05/01/2018-13:59:15,680 | INFO [class br.com.sinergia.database.conect.Statement] : 3º Parâmetro(java.lang.String): Grupo de Produtos 
05/01/2018-13:59:15,680 | INFO [class br.com.sinergia.database.conect.Statement] : 4º Parâmetro(java.lang.String): Unidades 
05/01/2018-13:59:15,680 | INFO [class br.com.sinergia.database.conect.Statement] : 5º Parâmetro(java.lang.String): Contas 
05/01/2018-13:59:15,680 | INFO [class br.com.sinergia.database.conect.Statement] : 6º Parâmetro(java.lang.String): Agências 
05/01/2018-13:59:15,681 | INFO [class br.com.sinergia.database.conect.Statement] : 7º Parâmetro(java.lang.String): Bancos 
05/01/2018-13:59:15,681 | INFO [class br.com.sinergia.database.conect.Statement] : 8º Parâmetro(java.lang.String): Transportes 
05/01/2018-13:59:15,681 | INFO [class br.com.sinergia.database.conect.Statement] : 9º Parâmetro(java.lang.String): Moedas 
05/01/2018-13:59:15,681 | INFO [class br.com.sinergia.database.conect.Statement] : 10º Parâmetro(java.lang.Integer): 0 
05/01/2018-13:59:15,710 | INFO [class br.com.sinergia.database.conect.Statement] : ExecuteQuery: SELECT TELA, CASE WHEN VISUALIZA = 'S' THEN 'S' ELSE 'N' END AS ACESSO
FROM TSIPER
WHERE TELA IN (?,?,?,?,?)
AND PERFIL = ? 
05/01/2018-13:59:15,710 | INFO [class br.com.sinergia.database.conect.Statement] : 1º Parâmetro(java.util.ArrayList): [Países, Estados, Cidades, Bairros, Logradouros] 
05/01/2018-13:59:15,710 | INFO [class br.com.sinergia.database.conect.Statement] : 1º Parâmetro(java.lang.String): Países 
05/01/2018-13:59:15,710 | INFO [class br.com.sinergia.database.conect.Statement] : 2º Parâmetro(java.lang.String): Estados 
05/01/2018-13:59:15,710 | INFO [class br.com.sinergia.database.conect.Statement] : 3º Parâmetro(java.lang.String): Cidades 
05/01/2018-13:59:15,711 | INFO [class br.com.sinergia.database.conect.Statement] : 4º Parâmetro(java.lang.String): Bairros 
05/01/2018-13:59:15,711 | INFO [class br.com.sinergia.database.conect.Statement] : 5º Parâmetro(java.lang.String): Logradouros 
05/01/2018-13:59:15,711 | INFO [class br.com.sinergia.database.conect.Statement] : 6º Parâmetro(java.lang.Integer): 0 
05/01/2018-13:59:15,744 | INFO [class br.com.sinergia.database.conect.Statement] : ExecuteQuery: SELECT TELA, CASE WHEN VISUALIZA = 'S' THEN 'S' ELSE 'N' END AS ACESSO
FROM TSIPER
WHERE TELA IN (?,?,?,?,?,?)
AND PERFIL = ? 
05/01/2018-13:59:15,753 | INFO [class br.com.sinergia.database.conect.Statement] : 1º Parâmetro(java.util.ArrayList): [Portal de Compras, Portal de Vendas, Mov. Internas, Tabela de Preços, Preços de Moedas, Controle de Estoque] 
05/01/2018-13:59:15,754 | INFO [class br.com.sinergia.database.conect.Statement] : 1º Parâmetro(java.lang.String): Portal de Compras 
05/01/2018-13:59:15,754 | INFO [class br.com.sinergia.database.conect.Statement] : 2º Parâmetro(java.lang.String): Portal de Vendas 
05/01/2018-13:59:15,755 | INFO [class br.com.sinergia.database.conect.Statement] : 3º Parâmetro(java.lang.String): Mov. Internas 
05/01/2018-13:59:15,756 | INFO [class br.com.sinergia.database.conect.Statement] : 4º Parâmetro(java.lang.String): Tabela de Preços 
05/01/2018-13:59:15,757 | INFO [class br.com.sinergia.database.conect.Statement] : 5º Parâmetro(java.lang.String): Preços de Moedas 
05/01/2018-13:59:15,757 | INFO [class br.com.sinergia.database.conect.Statement] : 6º Parâmetro(java.lang.String): Controle de Estoque 
05/01/2018-13:59:15,757 | INFO [class br.com.sinergia.database.conect.Statement] : 7º Parâmetro(java.lang.Integer): 0 
05/01/2018-13:59:15,795 | INFO [class br.com.sinergia.database.conect.Statement] : ExecuteQuery: SELECT TELA, CASE WHEN VISUALIZA = 'S' THEN 'S' ELSE 'N' END AS ACESSO
FROM TSIPER
WHERE TELA IN (?,?,?,?)
AND PERFIL = ? 
05/01/2018-13:59:15,796 | INFO [class br.com.sinergia.database.conect.Statement] : 1º Parâmetro(java.util.ArrayList): [Mov. Financeira, Mov. Bancária, Saldo de Contas, Transferências] 
05/01/2018-13:59:15,796 | INFO [class br.com.sinergia.database.conect.Statement] : 1º Parâmetro(java.lang.String): Mov. Financeira 
05/01/2018-13:59:15,796 | INFO [class br.com.sinergia.database.conect.Statement] : 2º Parâmetro(java.lang.String): Mov. Bancária 
05/01/2018-13:59:15,796 | INFO [class br.com.sinergia.database.conect.Statement] : 3º Parâmetro(java.lang.String): Saldo de Contas 
05/01/2018-13:59:15,796 | INFO [class br.com.sinergia.database.conect.Statement] : 4º Parâmetro(java.lang.String): Transferências 
05/01/2018-13:59:15,796 | INFO [class br.com.sinergia.database.conect.Statement] : 5º Parâmetro(java.lang.Integer): 0 
05/01/2018-13:59:15,826 | INFO [class br.com.sinergia.database.conect.Statement] : ExecuteQuery: SELECT LISTA FROM TSIARQ
WHERE CODUSU = ?
AND ARQUIVO = ? 
05/01/2018-13:59:15,827 | INFO [class br.com.sinergia.database.conect.Statement] : 1º Parâmetro(java.lang.Integer): 1 
05/01/2018-13:59:15,827 | INFO [class br.com.sinergia.database.conect.Statement] : 2º Parâmetro(java.lang.String): Lista de Telas(Favoritas) 
05/01/2018-13:59:15,857 | INFO [class br.com.sinergia.database.conect.Statement] : ExecuteQuery: SELECT TELA
FROM (SELECT MAX(CODREG), TELA
FROM TSIREG
WHERE CODUSU = ?
GROUP BY TELA
ORDER BY 1 DESC)
WHERE ROWNUM <= 10 
05/01/2018-13:59:15,857 | INFO [class br.com.sinergia.database.conect.Statement] : 1º Parâmetro(java.lang.Integer): 1 
05/01/2018-13:59:15,883 | INFO [class br.com.sinergia.database.conect.Statement] : ExecuteQuery: SELECT DHALTER, LEMBRETE FROM TGFLEM WHERE CODUSU = ? 
05/01/2018-13:59:15,884 | INFO [class br.com.sinergia.database.conect.Statement] : 1º Parâmetro(java.lang.Integer): 1 
05/01/2018-13:59:30,544 | WARN [class br.com.sinergia.functions.modules.CtrlSenhaUsu] : Nova senha e confirmação de senha divergentes 
05/01/2018-13:59:36,876 | WARN [class br.com.sinergia.functions.modules.CtrlSenhaUsu] : Nova senha e confirmação de senha divergentes 
05/01/2018-13:59:41,248 | INFO [class br.com.sinergia.database.conect.Statement] : ExecuteQuery: UPDATE TSIUSU
SET SENHA = MD5(?)
WHERE CODUSU = ? 
05/01/2018-13:59:41,248 | INFO [class br.com.sinergia.database.conect.Statement] : 1º Parâmetro(java.lang.String): marcelo26 
05/01/2018-13:59:41,248 | INFO [class br.com.sinergia.database.conect.Statement] : 2º Parâmetro(java.lang.Integer): 1 
05/01/2018-13:59:41,278 | INFO [class br.com.sinergia.database.conect.Statement] : ExecuteQuery: SELECT MD5(?) AS CRYPT FROM DUAL 
05/01/2018-13:59:41,278 | INFO [class br.com.sinergia.database.conect.Statement] : 1º Parâmetro(java.lang.String): marcelo26 
05/01/2018-13:59:43,077 | INFO [class br.com.sinergia.database.conect.Statement] : ExecuteQuery: UPDATE TSISES
SET DHLOGOUT = ?
WHERE CODSESSAO = ?
AND CODUSU = ? 
05/01/2018-13:59:43,078 | INFO [class br.com.sinergia.database.conect.Statement] : 1º Parâmetro(java.sql.Timestamp): 2018-01-05 13:59:43.078 
05/01/2018-13:59:43,078 | INFO [class br.com.sinergia.database.conect.Statement] : 2º Parâmetro(java.lang.Integer): 18 
05/01/2018-13:59:43,079 | INFO [class br.com.sinergia.database.conect.Statement] : 3º Parâmetro(java.lang.Integer): 1 
05/01/2018-14:04:56,304 | INFO [class br.com.sinergia.database.conect.Statement] : ExecuteQuery: SELECT COUNT(1) FROM TSIUSU WHERE LOGIN = ? 
05/01/2018-14:04:56,441 | INFO [class br.com.sinergia.database.conect.Statement] : 1º Parâmetro(java.lang.String): MARCELOEV 
05/01/2018-14:04:56,520 | INFO [class br.com.sinergia.database.conect.Statement] : ExecuteQuery: SELECT USU.ATIVO, USU.CODUSU, USU.NOME, USU.LOGIN, USU.FOTO, USU.PERFIL, USU.SENHA, MD5(?) AS CRYPT,
GET_TSIPAR_T(?, ?) AS VERSAOATUALDB, EMP.CODEMP, EMP.RAZAOSOCIAL, EMP.NOMEFANTASIA, EMP.CNPJ FROM TSIUSU USU
INNER JOIN TSIEMP EMP
ON (USU.CODEMP = EMP.CODEMP)WHERE USU.LOGIN = ? 
05/01/2018-14:04:56,522 | INFO [class br.com.sinergia.database.conect.Statement] : 1º Parâmetro(java.lang.String): (Criptografado) 
05/01/2018-14:04:56,522 | INFO [class br.com.sinergia.database.conect.Statement] : 2º Parâmetro(java.lang.String): VERSAOATUALDB 
05/01/2018-14:04:56,522 | INFO [class br.com.sinergia.database.conect.Statement] : 3º Parâmetro(java.lang.Integer): 0 
05/01/2018-14:04:56,522 | INFO [class br.com.sinergia.database.conect.Statement] : 4º Parâmetro(java.lang.String): MARCELOEV 
05/01/2018-14:04:56,675 | INFO [class br.com.sinergia.database.conect.Statement] : ExecuteQuery: SELECT GET_CODSESSAO(?) AS SESSAO FROM DUAL 
05/01/2018-14:04:56,675 | INFO [class br.com.sinergia.database.conect.Statement] : 1º Parâmetro(java.lang.Integer): 1 
05/01/2018-14:04:56,677 | INFO [class br.com.sinergia.database.conect.Statement] : ExecuteQuery: INSERT INTO TSISES
(CODSESSAO, CODUSU, DHLOGIN, IPMAQ, NOMEMAQ, VERSAOEXEC)
VALUES
(?, ?, ?, ?, ?, ?) 
05/01/2018-14:04:56,677 | INFO [class br.com.sinergia.database.conect.Statement] : 1º Parâmetro(java.lang.Integer): 19 
05/01/2018-14:04:56,677 | INFO [class br.com.sinergia.database.conect.Statement] : 2º Parâmetro(java.lang.Integer): 1 
05/01/2018-14:04:56,677 | INFO [class br.com.sinergia.database.conect.Statement] : 3º Parâmetro(java.sql.Timestamp): 2018-01-05 14:04:56.677 
05/01/2018-14:04:56,677 | INFO [class br.com.sinergia.database.conect.Statement] : 4º Parâmetro(java.lang.String): 192.168.12.172 
05/01/2018-14:04:56,677 | INFO [class br.com.sinergia.database.conect.Statement] : 5º Parâmetro(java.lang.String): Marcelo-NTB 
05/01/2018-14:04:56,677 | INFO [class br.com.sinergia.database.conect.Statement] : 6º Parâmetro(java.lang.String): 1.0.0 
05/01/2018-14:04:57,045 | INFO [class br.com.sinergia.database.conect.Statement] : ExecuteQuery: SELECT TELA, CASE WHEN VISUALIZA = 'S' THEN 'S' ELSE 'N' END AS ACESSO
FROM TSIPER
WHERE TELA IN (?,?,?)
AND PERFIL = ? 
05/01/2018-14:04:57,046 | INFO [class br.com.sinergia.database.conect.Statement] : 1º Parâmetro(java.util.ArrayList): [Cadastro de Usuários, Controle de Acessos, Controle de Lembretes] 
05/01/2018-14:04:57,046 | INFO [class br.com.sinergia.database.conect.Statement] : 1º Parâmetro(java.lang.String): Cadastro de Usuários 
05/01/2018-14:04:57,046 | INFO [class br.com.sinergia.database.conect.Statement] : 2º Parâmetro(java.lang.String): Controle de Acessos 
05/01/2018-14:04:57,046 | INFO [class br.com.sinergia.database.conect.Statement] : 3º Parâmetro(java.lang.String): Controle de Lembretes 
05/01/2018-14:04:57,046 | INFO [class br.com.sinergia.database.conect.Statement] : 4º Parâmetro(java.lang.Integer): 0 
05/01/2018-14:04:57,082 | INFO [class br.com.sinergia.database.conect.Statement] : ExecuteQuery: SELECT TELA, CASE WHEN VISUALIZA = 'S' THEN 'S' ELSE 'N' END AS ACESSO
FROM TSIPER
WHERE TELA IN (?,?,?,?,?)
AND PERFIL = ? 
05/01/2018-14:04:57,082 | INFO [class br.com.sinergia.database.conect.Statement] : 1º Parâmetro(java.util.ArrayList): [Empresas, Parceiros, Operações, Parâmetros, ConsultaDB] 
05/01/2018-14:04:57,082 | INFO [class br.com.sinergia.database.conect.Statement] : 1º Parâmetro(java.lang.String): Empresas 
05/01/2018-14:04:57,082 | INFO [class br.com.sinergia.database.conect.Statement] : 2º Parâmetro(java.lang.String): Parceiros 
05/01/2018-14:04:57,082 | INFO [class br.com.sinergia.database.conect.Statement] : 3º Parâmetro(java.lang.String): Operações 
05/01/2018-14:04:57,082 | INFO [class br.com.sinergia.database.conect.Statement] : 4º Parâmetro(java.lang.String): Parâmetros 
05/01/2018-14:04:57,083 | INFO [class br.com.sinergia.database.conect.Statement] : 5º Parâmetro(java.lang.String): ConsultaDB 
05/01/2018-14:04:57,083 | INFO [class br.com.sinergia.database.conect.Statement] : 6º Parâmetro(java.lang.Integer): 0 
05/01/2018-14:04:57,115 | INFO [class br.com.sinergia.database.conect.Statement] : ExecuteQuery: SELECT TELA, CASE WHEN VISUALIZA = 'S' THEN 'S' ELSE 'N' END AS ACESSO
FROM TSIPER
WHERE TELA IN (?,?,?,?,?,?,?,?,?)
AND PERFIL = ? 
05/01/2018-14:04:57,116 | INFO [class br.com.sinergia.database.conect.Statement] : 1º Parâmetro(java.util.ArrayList): [Produtos, Serviços, Grupo de Produtos, Unidades, Contas, Agências, Bancos, Transportes, Moedas] 
05/01/2018-14:04:57,116 | INFO [class br.com.sinergia.database.conect.Statement] : 1º Parâmetro(java.lang.String): Produtos 
05/01/2018-14:04:57,116 | INFO [class br.com.sinergia.database.conect.Statement] : 2º Parâmetro(java.lang.String): Serviços 
05/01/2018-14:04:57,116 | INFO [class br.com.sinergia.database.conect.Statement] : 3º Parâmetro(java.lang.String): Grupo de Produtos 
05/01/2018-14:04:57,116 | INFO [class br.com.sinergia.database.conect.Statement] : 4º Parâmetro(java.lang.String): Unidades 
05/01/2018-14:04:57,116 | INFO [class br.com.sinergia.database.conect.Statement] : 5º Parâmetro(java.lang.String): Contas 
05/01/2018-14:04:57,116 | INFO [class br.com.sinergia.database.conect.Statement] : 6º Parâmetro(java.lang.String): Agências 
05/01/2018-14:04:57,116 | INFO [class br.com.sinergia.database.conect.Statement] : 7º Parâmetro(java.lang.String): Bancos 
05/01/2018-14:04:57,117 | INFO [class br.com.sinergia.database.conect.Statement] : 8º Parâmetro(java.lang.String): Transportes 
05/01/2018-14:04:57,117 | INFO [class br.com.sinergia.database.conect.Statement] : 9º Parâmetro(java.lang.String): Moedas 
05/01/2018-14:04:57,117 | INFO [class br.com.sinergia.database.conect.Statement] : 10º Parâmetro(java.lang.Integer): 0 
05/01/2018-14:04:57,149 | INFO [class br.com.sinergia.database.conect.Statement] : ExecuteQuery: SELECT TELA, CASE WHEN VISUALIZA = 'S' THEN 'S' ELSE 'N' END AS ACESSO
FROM TSIPER
WHERE TELA IN (?,?,?,?,?)
AND PERFIL = ? 
05/01/2018-14:04:57,150 | INFO [class br.com.sinergia.database.conect.Statement] : 1º Parâmetro(java.util.ArrayList): [Países, Estados, Cidades, Bairros, Logradouros] 
05/01/2018-14:04:57,150 | INFO [class br.com.sinergia.database.conect.Statement] : 1º Parâmetro(java.lang.String): Países 
05/01/2018-14:04:57,150 | INFO [class br.com.sinergia.database.conect.Statement] : 2º Parâmetro(java.lang.String): Estados 
05/01/2018-14:04:57,150 | INFO [class br.com.sinergia.database.conect.Statement] : 3º Parâmetro(java.lang.String): Cidades 
05/01/2018-14:04:57,150 | INFO [class br.com.sinergia.database.conect.Statement] : 4º Parâmetro(java.lang.String): Bairros 
05/01/2018-14:04:57,150 | INFO [class br.com.sinergia.database.conect.Statement] : 5º Parâmetro(java.lang.String): Logradouros 
05/01/2018-14:04:57,150 | INFO [class br.com.sinergia.database.conect.Statement] : 6º Parâmetro(java.lang.Integer): 0 
05/01/2018-14:04:57,197 | INFO [class br.com.sinergia.database.conect.Statement] : ExecuteQuery: SELECT TELA, CASE WHEN VISUALIZA = 'S' THEN 'S' ELSE 'N' END AS ACESSO
FROM TSIPER
WHERE TELA IN (?,?,?,?,?,?)
AND PERFIL = ? 
05/01/2018-14:04:57,197 | INFO [class br.com.sinergia.database.conect.Statement] : 1º Parâmetro(java.util.ArrayList): [Portal de Compras, Portal de Vendas, Mov. Internas, Tabela de Preços, Preços de Moedas, Controle de Estoque] 
05/01/2018-14:04:57,198 | INFO [class br.com.sinergia.database.conect.Statement] : 1º Parâmetro(java.lang.String): Portal de Compras 
05/01/2018-14:04:57,198 | INFO [class br.com.sinergia.database.conect.Statement] : 2º Parâmetro(java.lang.String): Portal de Vendas 
05/01/2018-14:04:57,198 | INFO [class br.com.sinergia.database.conect.Statement] : 3º Parâmetro(java.lang.String): Mov. Internas 
05/01/2018-14:04:57,198 | INFO [class br.com.sinergia.database.conect.Statement] : 4º Parâmetro(java.lang.String): Tabela de Preços 
05/01/2018-14:04:57,198 | INFO [class br.com.sinergia.database.conect.Statement] : 5º Parâmetro(java.lang.String): Preços de Moedas 
05/01/2018-14:04:57,198 | INFO [class br.com.sinergia.database.conect.Statement] : 6º Parâmetro(java.lang.String): Controle de Estoque 
05/01/2018-14:04:57,198 | INFO [class br.com.sinergia.database.conect.Statement] : 7º Parâmetro(java.lang.Integer): 0 
05/01/2018-14:04:57,236 | INFO [class br.com.sinergia.database.conect.Statement] : ExecuteQuery: SELECT TELA, CASE WHEN VISUALIZA = 'S' THEN 'S' ELSE 'N' END AS ACESSO
FROM TSIPER
WHERE TELA IN (?,?,?,?)
AND PERFIL = ? 
05/01/2018-14:04:57,236 | INFO [class br.com.sinergia.database.conect.Statement] : 1º Parâmetro(java.util.ArrayList): [Mov. Financeira, Mov. Bancária, Saldo de Contas, Transferências] 
05/01/2018-14:04:57,236 | INFO [class br.com.sinergia.database.conect.Statement] : 1º Parâmetro(java.lang.String): Mov. Financeira 
05/01/2018-14:04:57,237 | INFO [class br.com.sinergia.database.conect.Statement] : 2º Parâmetro(java.lang.String): Mov. Bancária 
05/01/2018-14:04:57,237 | INFO [class br.com.sinergia.database.conect.Statement] : 3º Parâmetro(java.lang.String): Saldo de Contas 
05/01/2018-14:04:57,237 | INFO [class br.com.sinergia.database.conect.Statement] : 4º Parâmetro(java.lang.String): Transferências 
05/01/2018-14:04:57,237 | INFO [class br.com.sinergia.database.conect.Statement] : 5º Parâmetro(java.lang.Integer): 0 
05/01/2018-14:04:57,259 | INFO [class br.com.sinergia.database.conect.Statement] : ExecuteQuery: SELECT LISTA FROM TSIARQ
WHERE CODUSU = ?
AND ARQUIVO = ? 
05/01/2018-14:04:57,259 | INFO [class br.com.sinergia.database.conect.Statement] : 1º Parâmetro(java.lang.Integer): 1 
05/01/2018-14:04:57,259 | INFO [class br.com.sinergia.database.conect.Statement] : 2º Parâmetro(java.lang.String): Lista de Telas(Favoritas) 
05/01/2018-14:04:57,287 | INFO [class br.com.sinergia.database.conect.Statement] : ExecuteQuery: SELECT TELA
FROM (SELECT MAX(CODREG), TELA
FROM TSIREG
WHERE CODUSU = ?
GROUP BY TELA
ORDER BY 1 DESC)
WHERE ROWNUM <= 10 
05/01/2018-14:04:57,287 | INFO [class br.com.sinergia.database.conect.Statement] : 1º Parâmetro(java.lang.Integer): 1 
05/01/2018-14:04:57,310 | INFO [class br.com.sinergia.database.conect.Statement] : ExecuteQuery: SELECT DHALTER, LEMBRETE FROM TGFLEM WHERE CODUSU = ? 
05/01/2018-14:04:57,310 | INFO [class br.com.sinergia.database.conect.Statement] : 1º Parâmetro(java.lang.Integer): 1 
05/01/2018-14:05:36,144 | INFO [class br.com.sinergia.database.conect.Statement] : ExecuteQuery: UPDATE TSIUSU
SET SENHA = MD5(?)
WHERE CODUSU = ? 
05/01/2018-14:05:36,145 | INFO [class br.com.sinergia.database.conect.Statement] : 1º Parâmetro(java.lang.String): marcelo26 
05/01/2018-14:05:36,145 | INFO [class br.com.sinergia.database.conect.Statement] : 2º Parâmetro(java.lang.Integer): 1 
05/01/2018-14:05:36,171 | INFO [class br.com.sinergia.database.conect.Statement] : ExecuteQuery: SELECT MD5(?) AS CRYPT FROM DUAL 
05/01/2018-14:05:36,172 | INFO [class br.com.sinergia.database.conect.Statement] : 1º Parâmetro(java.lang.String): marcelo26 
05/01/2018-14:05:58,348 | INFO [class br.com.sinergia.database.conect.Statement] : ExecuteQuery: UPDATE TSISES
SET DHLOGOUT = ?
WHERE CODSESSAO = ?
AND CODUSU = ? 
05/01/2018-14:05:58,348 | INFO [class br.com.sinergia.database.conect.Statement] : 1º Parâmetro(java.sql.Timestamp): 2018-01-05 14:05:58.348 
05/01/2018-14:05:58,348 | INFO [class br.com.sinergia.database.conect.Statement] : 2º Parâmetro(java.lang.Integer): 19 
05/01/2018-14:05:58,348 | INFO [class br.com.sinergia.database.conect.Statement] : 3º Parâmetro(java.lang.Integer): 1 
05/01/2018-14:06:07,557 | INFO [class br.com.sinergia.database.conect.Statement] : ExecuteQuery: SELECT COUNT(1) FROM TSIUSU WHERE LOGIN = ? 
05/01/2018-14:06:07,718 | INFO [class br.com.sinergia.database.conect.Statement] : 1º Parâmetro(java.lang.String): MARCELOEV 
05/01/2018-14:06:07,804 | INFO [class br.com.sinergia.database.conect.Statement] : ExecuteQuery: SELECT USU.ATIVO, USU.CODUSU, USU.NOME, USU.LOGIN, USU.FOTO, USU.PERFIL, USU.SENHA, MD5(?) AS CRYPT,
GET_TSIPAR_T(?, ?) AS VERSAOATUALDB, EMP.CODEMP, EMP.RAZAOSOCIAL, EMP.NOMEFANTASIA, EMP.CNPJ FROM TSIUSU USU
INNER JOIN TSIEMP EMP
ON (USU.CODEMP = EMP.CODEMP)WHERE USU.LOGIN = ? 
05/01/2018-14:06:07,807 | INFO [class br.com.sinergia.database.conect.Statement] : 1º Parâmetro(java.lang.String): (Criptografado) 
05/01/2018-14:06:07,807 | INFO [class br.com.sinergia.database.conect.Statement] : 2º Parâmetro(java.lang.String): VERSAOATUALDB 
05/01/2018-14:06:07,807 | INFO [class br.com.sinergia.database.conect.Statement] : 3º Parâmetro(java.lang.Integer): 0 
05/01/2018-14:06:07,807 | INFO [class br.com.sinergia.database.conect.Statement] : 4º Parâmetro(java.lang.String): MARCELOEV 
05/01/2018-14:06:07,903 | INFO [class br.com.sinergia.database.conect.Statement] : ExecuteQuery: SELECT GET_CODSESSAO(?) AS SESSAO FROM DUAL 
05/01/2018-14:06:07,903 | INFO [class br.com.sinergia.database.conect.Statement] : 1º Parâmetro(java.lang.Integer): 1 
05/01/2018-14:06:07,904 | INFO [class br.com.sinergia.database.conect.Statement] : ExecuteQuery: INSERT INTO TSISES
(CODSESSAO, CODUSU, DHLOGIN, IPMAQ, NOMEMAQ, VERSAOEXEC)
VALUES
(?, ?, ?, ?, ?, ?) 
05/01/2018-14:06:07,904 | INFO [class br.com.sinergia.database.conect.Statement] : 1º Parâmetro(java.lang.Integer): 20 
05/01/2018-14:06:07,904 | INFO [class br.com.sinergia.database.conect.Statement] : 2º Parâmetro(java.lang.Integer): 1 
05/01/2018-14:06:07,905 | INFO [class br.com.sinergia.database.conect.Statement] : 3º Parâmetro(java.sql.Timestamp): 2018-01-05 14:06:07.904 
05/01/2018-14:06:07,905 | INFO [class br.com.sinergia.database.conect.Statement] : 4º Parâmetro(java.lang.String): 192.168.12.172 
05/01/2018-14:06:07,905 | INFO [class br.com.sinergia.database.conect.Statement] : 5º Parâmetro(java.lang.String): Marcelo-NTB 
05/01/2018-14:06:07,905 | INFO [class br.com.sinergia.database.conect.Statement] : 6º Parâmetro(java.lang.String): 1.0.0 
05/01/2018-14:06:08,353 | INFO [class br.com.sinergia.database.conect.Statement] : ExecuteQuery: SELECT TELA, CASE WHEN VISUALIZA = 'S' THEN 'S' ELSE 'N' END AS ACESSO
FROM TSIPER
WHERE TELA IN (?,?,?)
AND PERFIL = ? 
05/01/2018-14:06:08,353 | INFO [class br.com.sinergia.database.conect.Statement] : 1º Parâmetro(java.util.ArrayList): [Cadastro de Usuários, Controle de Acessos, Controle de Lembretes] 
05/01/2018-14:06:08,353 | INFO [class br.com.sinergia.database.conect.Statement] : 1º Parâmetro(java.lang.String): Cadastro de Usuários 
05/01/2018-14:06:08,354 | INFO [class br.com.sinergia.database.conect.Statement] : 2º Parâmetro(java.lang.String): Controle de Acessos 
05/01/2018-14:06:08,354 | INFO [class br.com.sinergia.database.conect.Statement] : 3º Parâmetro(java.lang.String): Controle de Lembretes 
05/01/2018-14:06:08,354 | INFO [class br.com.sinergia.database.conect.Statement] : 4º Parâmetro(java.lang.Integer): 0 
05/01/2018-14:06:08,436 | INFO [class br.com.sinergia.database.conect.Statement] : ExecuteQuery: SELECT TELA, CASE WHEN VISUALIZA = 'S' THEN 'S' ELSE 'N' END AS ACESSO
FROM TSIPER
WHERE TELA IN (?,?,?,?,?)
AND PERFIL = ? 
05/01/2018-14:06:08,436 | INFO [class br.com.sinergia.database.conect.Statement] : 1º Parâmetro(java.util.ArrayList): [Empresas, Parceiros, Operações, Parâmetros, ConsultaDB] 
05/01/2018-14:06:08,436 | INFO [class br.com.sinergia.database.conect.Statement] : 1º Parâmetro(java.lang.String): Empresas 
05/01/2018-14:06:08,437 | INFO [class br.com.sinergia.database.conect.Statement] : 2º Parâmetro(java.lang.String): Parceiros 
05/01/2018-14:06:08,437 | INFO [class br.com.sinergia.database.conect.Statement] : 3º Parâmetro(java.lang.String): Operações 
05/01/2018-14:06:08,437 | INFO [class br.com.sinergia.database.conect.Statement] : 4º Parâmetro(java.lang.String): Parâmetros 
05/01/2018-14:06:08,437 | INFO [class br.com.sinergia.database.conect.Statement] : 5º Parâmetro(java.lang.String): ConsultaDB 
05/01/2018-14:06:08,437 | INFO [class br.com.sinergia.database.conect.Statement] : 6º Parâmetro(java.lang.Integer): 0 
05/01/2018-14:06:08,486 | INFO [class br.com.sinergia.database.conect.Statement] : ExecuteQuery: SELECT TELA, CASE WHEN VISUALIZA = 'S' THEN 'S' ELSE 'N' END AS ACESSO
FROM TSIPER
WHERE TELA IN (?,?,?,?,?,?,?,?,?)
AND PERFIL = ? 
05/01/2018-14:06:08,487 | INFO [class br.com.sinergia.database.conect.Statement] : 1º Parâmetro(java.util.ArrayList): [Produtos, Serviços, Grupo de Produtos, Unidades, Contas, Agências, Bancos, Transportes, Moedas] 
05/01/2018-14:06:08,487 | INFO [class br.com.sinergia.database.conect.Statement] : 1º Parâmetro(java.lang.String): Produtos 
05/01/2018-14:06:08,487 | INFO [class br.com.sinergia.database.conect.Statement] : 2º Parâmetro(java.lang.String): Serviços 
05/01/2018-14:06:08,487 | INFO [class br.com.sinergia.database.conect.Statement] : 3º Parâmetro(java.lang.String): Grupo de Produtos 
05/01/2018-14:06:08,487 | INFO [class br.com.sinergia.database.conect.Statement] : 4º Parâmetro(java.lang.String): Unidades 
05/01/2018-14:06:08,487 | INFO [class br.com.sinergia.database.conect.Statement] : 5º Parâmetro(java.lang.String): Contas 
05/01/2018-14:06:08,488 | INFO [class br.com.sinergia.database.conect.Statement] : 6º Parâmetro(java.lang.String): Agências 
05/01/2018-14:06:08,488 | INFO [class br.com.sinergia.database.conect.Statement] : 7º Parâmetro(java.lang.String): Bancos 
05/01/2018-14:06:08,488 | INFO [class br.com.sinergia.database.conect.Statement] : 8º Parâmetro(java.lang.String): Transportes 
05/01/2018-14:06:08,488 | INFO [class br.com.sinergia.database.conect.Statement] : 9º Parâmetro(java.lang.String): Moedas 
05/01/2018-14:06:08,488 | INFO [class br.com.sinergia.database.conect.Statement] : 10º Parâmetro(java.lang.Integer): 0 
05/01/2018-14:06:08,522 | INFO [class br.com.sinergia.database.conect.Statement] : ExecuteQuery: SELECT TELA, CASE WHEN VISUALIZA = 'S' THEN 'S' ELSE 'N' END AS ACESSO
FROM TSIPER
WHERE TELA IN (?,?,?,?,?)
AND PERFIL = ? 
05/01/2018-14:06:08,522 | INFO [class br.com.sinergia.database.conect.Statement] : 1º Parâmetro(java.util.ArrayList): [Países, Estados, Cidades, Bairros, Logradouros] 
05/01/2018-14:06:08,522 | INFO [class br.com.sinergia.database.conect.Statement] : 1º Parâmetro(java.lang.String): Países 
05/01/2018-14:06:08,522 | INFO [class br.com.sinergia.database.conect.Statement] : 2º Parâmetro(java.lang.String): Estados 
05/01/2018-14:06:08,523 | INFO [class br.com.sinergia.database.conect.Statement] : 3º Parâmetro(java.lang.String): Cidades 
05/01/2018-14:06:08,523 | INFO [class br.com.sinergia.database.conect.Statement] : 4º Parâmetro(java.lang.String): Bairros 
05/01/2018-14:06:08,523 | INFO [class br.com.sinergia.database.conect.Statement] : 5º Parâmetro(java.lang.String): Logradouros 
05/01/2018-14:06:08,523 | INFO [class br.com.sinergia.database.conect.Statement] : 6º Parâmetro(java.lang.Integer): 0 
05/01/2018-14:06:08,556 | INFO [class br.com.sinergia.database.conect.Statement] : ExecuteQuery: SELECT TELA, CASE WHEN VISUALIZA = 'S' THEN 'S' ELSE 'N' END AS ACESSO
FROM TSIPER
WHERE TELA IN (?,?,?,?,?,?)
AND PERFIL = ? 
05/01/2018-14:06:08,556 | INFO [class br.com.sinergia.database.conect.Statement] : 1º Parâmetro(java.util.ArrayList): [Portal de Compras, Portal de Vendas, Mov. Internas, Tabela de Preços, Preços de Moedas, Controle de Estoque] 
05/01/2018-14:06:08,556 | INFO [class br.com.sinergia.database.conect.Statement] : 1º Parâmetro(java.lang.String): Portal de Compras 
05/01/2018-14:06:08,556 | INFO [class br.com.sinergia.database.conect.Statement] : 2º Parâmetro(java.lang.String): Portal de Vendas 
05/01/2018-14:06:08,557 | INFO [class br.com.sinergia.database.conect.Statement] : 3º Parâmetro(java.lang.String): Mov. Internas 
05/01/2018-14:06:08,557 | INFO [class br.com.sinergia.database.conect.Statement] : 4º Parâmetro(java.lang.String): Tabela de Preços 
05/01/2018-14:06:08,557 | INFO [class br.com.sinergia.database.conect.Statement] : 5º Parâmetro(java.lang.String): Preços de Moedas 
05/01/2018-14:06:08,557 | INFO [class br.com.sinergia.database.conect.Statement] : 6º Parâmetro(java.lang.String): Controle de Estoque 
05/01/2018-14:06:08,557 | INFO [class br.com.sinergia.database.conect.Statement] : 7º Parâmetro(java.lang.Integer): 0 
05/01/2018-14:06:08,595 | INFO [class br.com.sinergia.database.conect.Statement] : ExecuteQuery: SELECT TELA, CASE WHEN VISUALIZA = 'S' THEN 'S' ELSE 'N' END AS ACESSO
FROM TSIPER
WHERE TELA IN (?,?,?,?)
AND PERFIL = ? 
05/01/2018-14:06:08,596 | INFO [class br.com.sinergia.database.conect.Statement] : 1º Parâmetro(java.util.ArrayList): [Mov. Financeira, Mov. Bancária, Saldo de Contas, Transferências] 
05/01/2018-14:06:08,596 | INFO [class br.com.sinergia.database.conect.Statement] : 1º Parâmetro(java.lang.String): Mov. Financeira 
05/01/2018-14:06:08,596 | INFO [class br.com.sinergia.database.conect.Statement] : 2º Parâmetro(java.lang.String): Mov. Bancária 
05/01/2018-14:06:08,596 | INFO [class br.com.sinergia.database.conect.Statement] : 3º Parâmetro(java.lang.String): Saldo de Contas 
05/01/2018-14:06:08,596 | INFO [class br.com.sinergia.database.conect.Statement] : 4º Parâmetro(java.lang.String): Transferências 
05/01/2018-14:06:08,596 | INFO [class br.com.sinergia.database.conect.Statement] : 5º Parâmetro(java.lang.Integer): 0 
05/01/2018-14:06:08,631 | INFO [class br.com.sinergia.database.conect.Statement] : ExecuteQuery: SELECT LISTA FROM TSIARQ
WHERE CODUSU = ?
AND ARQUIVO = ? 
05/01/2018-14:06:08,631 | INFO [class br.com.sinergia.database.conect.Statement] : 1º Parâmetro(java.lang.Integer): 1 
05/01/2018-14:06:08,631 | INFO [class br.com.sinergia.database.conect.Statement] : 2º Parâmetro(java.lang.String): Lista de Telas(Favoritas) 
05/01/2018-14:06:08,674 | INFO [class br.com.sinergia.database.conect.Statement] : ExecuteQuery: SELECT TELA
FROM (SELECT MAX(CODREG), TELA
FROM TSIREG
WHERE CODUSU = ?
GROUP BY TELA
ORDER BY 1 DESC)
WHERE ROWNUM <= 10 
05/01/2018-14:06:08,675 | INFO [class br.com.sinergia.database.conect.Statement] : 1º Parâmetro(java.lang.Integer): 1 
05/01/2018-14:06:08,706 | INFO [class br.com.sinergia.database.conect.Statement] : ExecuteQuery: SELECT DHALTER, LEMBRETE FROM TGFLEM WHERE CODUSU = ? 
05/01/2018-14:06:08,707 | INFO [class br.com.sinergia.database.conect.Statement] : 1º Parâmetro(java.lang.Integer): 1 
05/01/2018-14:06:17,388 | INFO [class br.com.sinergia.database.conect.Statement] : ExecuteQuery: UPDATE TSIUSU
SET SENHA = MD5(?)
WHERE CODUSU = ? 
05/01/2018-14:06:17,388 | INFO [class br.com.sinergia.database.conect.Statement] : 1º Parâmetro(java.lang.String): marcelo26 
05/01/2018-14:06:17,388 | INFO [class br.com.sinergia.database.conect.Statement] : 2º Parâmetro(java.lang.Integer): 1 
05/01/2018-14:06:17,416 | INFO [class br.com.sinergia.database.conect.Statement] : ExecuteQuery: SELECT MD5(?) AS CRYPT FROM DUAL 
05/01/2018-14:06:17,417 | INFO [class br.com.sinergia.database.conect.Statement] : 1º Parâmetro(java.lang.String): marcelo26 
05/01/2018-14:06:19,810 | INFO [class br.com.sinergia.database.conect.Statement] : ExecuteQuery: UPDATE TSISES
SET DHLOGOUT = ?
WHERE CODSESSAO = ?
AND CODUSU = ? 
05/01/2018-14:06:19,810 | INFO [class br.com.sinergia.database.conect.Statement] : 1º Parâmetro(java.sql.Timestamp): 2018-01-05 14:06:19.81 
05/01/2018-14:06:19,811 | INFO [class br.com.sinergia.database.conect.Statement] : 2º Parâmetro(java.lang.Integer): 20 
05/01/2018-14:06:19,811 | INFO [class br.com.sinergia.database.conect.Statement] : 3º Parâmetro(java.lang.Integer): 1 
05/01/2018-14:07:03,722 | INFO [class br.com.sinergia.database.conect.Statement] : ExecuteQuery: SELECT COUNT(1) FROM TSIUSU WHERE LOGIN = ? 
05/01/2018-14:07:03,874 | INFO [class br.com.sinergia.database.conect.Statement] : 1º Parâmetro(java.lang.String): MARCELOEV 
05/01/2018-14:07:03,998 | INFO [class br.com.sinergia.database.conect.Statement] : ExecuteQuery: SELECT USU.ATIVO, USU.CODUSU, USU.NOME, USU.LOGIN, USU.FOTO, USU.PERFIL, USU.SENHA, MD5(?) AS CRYPT,
GET_TSIPAR_T(?, ?) AS VERSAOATUALDB, EMP.CODEMP, EMP.RAZAOSOCIAL, EMP.NOMEFANTASIA, EMP.CNPJ FROM TSIUSU USU
INNER JOIN TSIEMP EMP
ON (USU.CODEMP = EMP.CODEMP)WHERE USU.LOGIN = ? 
05/01/2018-14:07:04,001 | INFO [class br.com.sinergia.database.conect.Statement] : 1º Parâmetro(java.lang.String): (Criptografado) 
05/01/2018-14:07:04,002 | INFO [class br.com.sinergia.database.conect.Statement] : 2º Parâmetro(java.lang.String): VERSAOATUALDB 
05/01/2018-14:07:04,002 | INFO [class br.com.sinergia.database.conect.Statement] : 3º Parâmetro(java.lang.Integer): 0 
05/01/2018-14:07:04,002 | INFO [class br.com.sinergia.database.conect.Statement] : 4º Parâmetro(java.lang.String): MARCELOEV 
05/01/2018-14:07:04,150 | WARN [class br.com.sinergia.controllers.fxml.LoginController] : Senha digitada inválida 
05/01/2018-14:07:07,905 | INFO [class br.com.sinergia.database.conect.Statement] : ExecuteQuery: SELECT COUNT(1) FROM TSIUSU WHERE LOGIN = ? 
05/01/2018-14:07:07,905 | INFO [class br.com.sinergia.database.conect.Statement] : 1º Parâmetro(java.lang.String): MARCELOEV 
05/01/2018-14:07:07,906 | INFO [class br.com.sinergia.database.conect.Statement] : ExecuteQuery: SELECT USU.ATIVO, USU.CODUSU, USU.NOME, USU.LOGIN, USU.FOTO, USU.PERFIL, USU.SENHA, MD5(?) AS CRYPT,
GET_TSIPAR_T(?, ?) AS VERSAOATUALDB, EMP.CODEMP, EMP.RAZAOSOCIAL, EMP.NOMEFANTASIA, EMP.CNPJ FROM TSIUSU USU
INNER JOIN TSIEMP EMP
ON (USU.CODEMP = EMP.CODEMP)WHERE USU.LOGIN = ? 
05/01/2018-14:07:07,906 | INFO [class br.com.sinergia.database.conect.Statement] : 1º Parâmetro(java.lang.String): (Criptografado) 
05/01/2018-14:07:07,906 | INFO [class br.com.sinergia.database.conect.Statement] : 2º Parâmetro(java.lang.String): VERSAOATUALDB 
05/01/2018-14:07:07,906 | INFO [class br.com.sinergia.database.conect.Statement] : 3º Parâmetro(java.lang.Integer): 0 
05/01/2018-14:07:07,906 | INFO [class br.com.sinergia.database.conect.Statement] : 4º Parâmetro(java.lang.String): MARCELOEV 
05/01/2018-14:07:07,995 | INFO [class br.com.sinergia.database.conect.Statement] : ExecuteQuery: SELECT GET_CODSESSAO(?) AS SESSAO FROM DUAL 
05/01/2018-14:07:07,995 | INFO [class br.com.sinergia.database.conect.Statement] : 1º Parâmetro(java.lang.Integer): 1 
05/01/2018-14:07:07,996 | INFO [class br.com.sinergia.database.conect.Statement] : ExecuteQuery: INSERT INTO TSISES
(CODSESSAO, CODUSU, DHLOGIN, IPMAQ, NOMEMAQ, VERSAOEXEC)
VALUES
(?, ?, ?, ?, ?, ?) 
05/01/2018-14:07:07,997 | INFO [class br.com.sinergia.database.conect.Statement] : 1º Parâmetro(java.lang.Integer): 21 
05/01/2018-14:07:07,997 | INFO [class br.com.sinergia.database.conect.Statement] : 2º Parâmetro(java.lang.Integer): 1 
05/01/2018-14:07:07,997 | INFO [class br.com.sinergia.database.conect.Statement] : 3º Parâmetro(java.sql.Timestamp): 2018-01-05 14:07:07.997 
05/01/2018-14:07:07,997 | INFO [class br.com.sinergia.database.conect.Statement] : 4º Parâmetro(java.lang.String): 192.168.12.172 
05/01/2018-14:07:07,998 | INFO [class br.com.sinergia.database.conect.Statement] : 5º Parâmetro(java.lang.String): Marcelo-NTB 
05/01/2018-14:07:07,998 | INFO [class br.com.sinergia.database.conect.Statement] : 6º Parâmetro(java.lang.String): 1.0.0 
05/01/2018-14:07:08,337 | INFO [class br.com.sinergia.database.conect.Statement] : ExecuteQuery: SELECT TELA, CASE WHEN VISUALIZA = 'S' THEN 'S' ELSE 'N' END AS ACESSO
FROM TSIPER
WHERE TELA IN (?,?,?)
AND PERFIL = ? 
05/01/2018-14:07:08,337 | INFO [class br.com.sinergia.database.conect.Statement] : 1º Parâmetro(java.util.ArrayList): [Cadastro de Usuários, Controle de Acessos, Controle de Lembretes] 
05/01/2018-14:07:08,337 | INFO [class br.com.sinergia.database.conect.Statement] : 1º Parâmetro(java.lang.String): Cadastro de Usuários 
05/01/2018-14:07:08,337 | INFO [class br.com.sinergia.database.conect.Statement] : 2º Parâmetro(java.lang.String): Controle de Acessos 
05/01/2018-14:07:08,337 | INFO [class br.com.sinergia.database.conect.Statement] : 3º Parâmetro(java.lang.String): Controle de Lembretes 
05/01/2018-14:07:08,337 | INFO [class br.com.sinergia.database.conect.Statement] : 4º Parâmetro(java.lang.Integer): 0 
05/01/2018-14:07:08,371 | INFO [class br.com.sinergia.database.conect.Statement] : ExecuteQuery: SELECT TELA, CASE WHEN VISUALIZA = 'S' THEN 'S' ELSE 'N' END AS ACESSO
FROM TSIPER
WHERE TELA IN (?,?,?,?,?)
AND PERFIL = ? 
05/01/2018-14:07:08,371 | INFO [class br.com.sinergia.database.conect.Statement] : 1º Parâmetro(java.util.ArrayList): [Empresas, Parceiros, Operações, Parâmetros, ConsultaDB] 
05/01/2018-14:07:08,371 | INFO [class br.com.sinergia.database.conect.Statement] : 1º Parâmetro(java.lang.String): Empresas 
05/01/2018-14:07:08,371 | INFO [class br.com.sinergia.database.conect.Statement] : 2º Parâmetro(java.lang.String): Parceiros 
05/01/2018-14:07:08,372 | INFO [class br.com.sinergia.database.conect.Statement] : 3º Parâmetro(java.lang.String): Operações 
05/01/2018-14:07:08,372 | INFO [class br.com.sinergia.database.conect.Statement] : 4º Parâmetro(java.lang.String): Parâmetros 
05/01/2018-14:07:08,372 | INFO [class br.com.sinergia.database.conect.Statement] : 5º Parâmetro(java.lang.String): ConsultaDB 
05/01/2018-14:07:08,372 | INFO [class br.com.sinergia.database.conect.Statement] : 6º Parâmetro(java.lang.Integer): 0 
05/01/2018-14:07:08,409 | INFO [class br.com.sinergia.database.conect.Statement] : ExecuteQuery: SELECT TELA, CASE WHEN VISUALIZA = 'S' THEN 'S' ELSE 'N' END AS ACESSO
FROM TSIPER
WHERE TELA IN (?,?,?,?,?,?,?,?,?)
AND PERFIL = ? 
05/01/2018-14:07:08,410 | INFO [class br.com.sinergia.database.conect.Statement] : 1º Parâmetro(java.util.ArrayList): [Produtos, Serviços, Grupo de Produtos, Unidades, Contas, Agências, Bancos, Transportes, Moedas] 
05/01/2018-14:07:08,410 | INFO [class br.com.sinergia.database.conect.Statement] : 1º Parâmetro(java.lang.String): Produtos 
05/01/2018-14:07:08,410 | INFO [class br.com.sinergia.database.conect.Statement] : 2º Parâmetro(java.lang.String): Serviços 
05/01/2018-14:07:08,410 | INFO [class br.com.sinergia.database.conect.Statement] : 3º Parâmetro(java.lang.String): Grupo de Produtos 
05/01/2018-14:07:08,411 | INFO [class br.com.sinergia.database.conect.Statement] : 4º Parâmetro(java.lang.String): Unidades 
05/01/2018-14:07:08,411 | INFO [class br.com.sinergia.database.conect.Statement] : 5º Parâmetro(java.lang.String): Contas 
05/01/2018-14:07:08,411 | INFO [class br.com.sinergia.database.conect.Statement] : 6º Parâmetro(java.lang.String): Agências 
05/01/2018-14:07:08,411 | INFO [class br.com.sinergia.database.conect.Statement] : 7º Parâmetro(java.lang.String): Bancos 
05/01/2018-14:07:08,411 | INFO [class br.com.sinergia.database.conect.Statement] : 8º Parâmetro(java.lang.String): Transportes 
05/01/2018-14:07:08,411 | INFO [class br.com.sinergia.database.conect.Statement] : 9º Parâmetro(java.lang.String): Moedas 
05/01/2018-14:07:08,411 | INFO [class br.com.sinergia.database.conect.Statement] : 10º Parâmetro(java.lang.Integer): 0 
05/01/2018-14:07:08,442 | INFO [class br.com.sinergia.database.conect.Statement] : ExecuteQuery: SELECT TELA, CASE WHEN VISUALIZA = 'S' THEN 'S' ELSE 'N' END AS ACESSO
FROM TSIPER
WHERE TELA IN (?,?,?,?,?)
AND PERFIL = ? 
05/01/2018-14:07:08,442 | INFO [class br.com.sinergia.database.conect.Statement] : 1º Parâmetro(java.util.ArrayList): [Países, Estados, Cidades, Bairros, Logradouros] 
05/01/2018-14:07:08,442 | INFO [class br.com.sinergia.database.conect.Statement] : 1º Parâmetro(java.lang.String): Países 
05/01/2018-14:07:08,442 | INFO [class br.com.sinergia.database.conect.Statement] : 2º Parâmetro(java.lang.String): Estados 
05/01/2018-14:07:08,442 | INFO [class br.com.sinergia.database.conect.Statement] : 3º Parâmetro(java.lang.String): Cidades 
05/01/2018-14:07:08,442 | INFO [class br.com.sinergia.database.conect.Statement] : 4º Parâmetro(java.lang.String): Bairros 
05/01/2018-14:07:08,442 | INFO [class br.com.sinergia.database.conect.Statement] : 5º Parâmetro(java.lang.String): Logradouros 
05/01/2018-14:07:08,442 | INFO [class br.com.sinergia.database.conect.Statement] : 6º Parâmetro(java.lang.Integer): 0 
05/01/2018-14:07:08,474 | INFO [class br.com.sinergia.database.conect.Statement] : ExecuteQuery: SELECT TELA, CASE WHEN VISUALIZA = 'S' THEN 'S' ELSE 'N' END AS ACESSO
FROM TSIPER
WHERE TELA IN (?,?,?,?,?,?)
AND PERFIL = ? 
05/01/2018-14:07:08,475 | INFO [class br.com.sinergia.database.conect.Statement] : 1º Parâmetro(java.util.ArrayList): [Portal de Compras, Portal de Vendas, Mov. Internas, Tabela de Preços, Preços de Moedas, Controle de Estoque] 
05/01/2018-14:07:08,475 | INFO [class br.com.sinergia.database.conect.Statement] : 1º Parâmetro(java.lang.String): Portal de Compras 
05/01/2018-14:07:08,475 | INFO [class br.com.sinergia.database.conect.Statement] : 2º Parâmetro(java.lang.String): Portal de Vendas 
05/01/2018-14:07:08,475 | INFO [class br.com.sinergia.database.conect.Statement] : 3º Parâmetro(java.lang.String): Mov. Internas 
05/01/2018-14:07:08,475 | INFO [class br.com.sinergia.database.conect.Statement] : 4º Parâmetro(java.lang.String): Tabela de Preços 
05/01/2018-14:07:08,475 | INFO [class br.com.sinergia.database.conect.Statement] : 5º Parâmetro(java.lang.String): Preços de Moedas 
05/01/2018-14:07:08,475 | INFO [class br.com.sinergia.database.conect.Statement] : 6º Parâmetro(java.lang.String): Controle de Estoque 
05/01/2018-14:07:08,475 | INFO [class br.com.sinergia.database.conect.Statement] : 7º Parâmetro(java.lang.Integer): 0 
05/01/2018-14:07:08,506 | INFO [class br.com.sinergia.database.conect.Statement] : ExecuteQuery: SELECT TELA, CASE WHEN VISUALIZA = 'S' THEN 'S' ELSE 'N' END AS ACESSO
FROM TSIPER
WHERE TELA IN (?,?,?,?)
AND PERFIL = ? 
05/01/2018-14:07:08,506 | INFO [class br.com.sinergia.database.conect.Statement] : 1º Parâmetro(java.util.ArrayList): [Mov. Financeira, Mov. Bancária, Saldo de Contas, Transferências] 
05/01/2018-14:07:08,506 | INFO [class br.com.sinergia.database.conect.Statement] : 1º Parâmetro(java.lang.String): Mov. Financeira 
05/01/2018-14:07:08,506 | INFO [class br.com.sinergia.database.conect.Statement] : 2º Parâmetro(java.lang.String): Mov. Bancária 
05/01/2018-14:07:08,506 | INFO [class br.com.sinergia.database.conect.Statement] : 3º Parâmetro(java.lang.String): Saldo de Contas 
05/01/2018-14:07:08,507 | INFO [class br.com.sinergia.database.conect.Statement] : 4º Parâmetro(java.lang.String): Transferências 
05/01/2018-14:07:08,507 | INFO [class br.com.sinergia.database.conect.Statement] : 5º Parâmetro(java.lang.Integer): 0 
05/01/2018-14:07:08,542 | INFO [class br.com.sinergia.database.conect.Statement] : ExecuteQuery: SELECT LISTA FROM TSIARQ
WHERE CODUSU = ?
AND ARQUIVO = ? 
05/01/2018-14:07:08,543 | INFO [class br.com.sinergia.database.conect.Statement] : 1º Parâmetro(java.lang.Integer): 1 
05/01/2018-14:07:08,543 | INFO [class br.com.sinergia.database.conect.Statement] : 2º Parâmetro(java.lang.String): Lista de Telas(Favoritas) 
05/01/2018-14:07:08,573 | INFO [class br.com.sinergia.database.conect.Statement] : ExecuteQuery: SELECT TELA
FROM (SELECT MAX(CODREG), TELA
FROM TSIREG
WHERE CODUSU = ?
GROUP BY TELA
ORDER BY 1 DESC)
WHERE ROWNUM <= 10 
05/01/2018-14:07:08,574 | INFO [class br.com.sinergia.database.conect.Statement] : 1º Parâmetro(java.lang.Integer): 1 
05/01/2018-14:07:08,595 | INFO [class br.com.sinergia.database.conect.Statement] : ExecuteQuery: SELECT DHALTER, LEMBRETE FROM TGFLEM WHERE CODUSU = ? 
05/01/2018-14:07:08,595 | INFO [class br.com.sinergia.database.conect.Statement] : 1º Parâmetro(java.lang.Integer): 1 
05/01/2018-14:07:16,355 | INFO [class br.com.sinergia.database.conect.Statement] : ExecuteQuery: UPDATE TSIUSU
SET SENHA = MD5(?)
WHERE CODUSU = ? 
05/01/2018-14:07:16,356 | INFO [class br.com.sinergia.database.conect.Statement] : 1º Parâmetro(java.lang.String): marcelo26 
05/01/2018-14:07:16,356 | INFO [class br.com.sinergia.database.conect.Statement] : 2º Parâmetro(java.lang.Integer): 1 
05/01/2018-14:07:16,419 | INFO [class br.com.sinergia.database.conect.Statement] : ExecuteQuery: SELECT MD5(?) AS CRYPT FROM DUAL 
05/01/2018-14:07:16,420 | INFO [class br.com.sinergia.database.conect.Statement] : 1º Parâmetro(java.lang.String): marcelo26 
05/01/2018-14:07:18,201 | INFO [class br.com.sinergia.database.conect.Statement] : ExecuteQuery: UPDATE TSISES
SET DHLOGOUT = ?
WHERE CODSESSAO = ?
AND CODUSU = ? 
05/01/2018-14:07:18,201 | INFO [class br.com.sinergia.database.conect.Statement] : 1º Parâmetro(java.sql.Timestamp): 2018-01-05 14:07:18.201 
05/01/2018-14:07:18,202 | INFO [class br.com.sinergia.database.conect.Statement] : 2º Parâmetro(java.lang.Integer): 21 
05/01/2018-14:07:18,202 | INFO [class br.com.sinergia.database.conect.Statement] : 3º Parâmetro(java.lang.Integer): 1 
